#
# There is insufficient memory for the Java Runtime Environment to continue.
# Native memory allocation (malloc) failed to allocate 716816 bytes for Chunk::new
# Possible reasons:
#   The system is out of physical RAM or swap space
#   The process is running with CompressedOops enabled, and the Java Heap may be blocking the growth of the native heap
# Possible solutions:
#   Reduce memory load on the system
#   Increase physical memory or swap space
#   Check if swap backing store is full
#   Decrease Java heap size (-Xmx/-Xms)
#   Decrease number of Java threads
#   Decrease Java thread stack sizes (-Xss)
#   Set larger code cache with -XX:ReservedCodeCacheSize=
#   JVM is running with Unscaled Compressed Oops mode in which the Java heap is
#     placed in the first 4GB address space. The Java Heap base address is the
#     maximum limit for the native heap growth. Please use -XX:HeapBaseMinAddress
#     to set the Java Heap base and to place the Java Heap above 4GB virtual address.
# This output file may be truncated or incomplete.
#
#  Out of Memory Error (./src/hotspot/share/memory/arena.cpp:197), pid=26288, tid=14828
#
# JRE version: OpenJDK Runtime Environment Corretto-11.0.17.8.1 (11.0.17+8) (build 11.0.17+8-LTS)
# Java VM: OpenJDK 64-Bit Server VM Corretto-11.0.17.8.1 (11.0.17+8-LTS, mixed mode, tiered, compressed oops, g1 gc, windows-amd64)
# No core dump will be written. Minidumps are not enabled by default on client versions of Windows
#

---------------  S U M M A R Y ------------

Command Line: -Ddb.password=pass -Ddb.url=jdbc:mysql://localhost:3306/app -Ddb.user=app -Dorg.gradle.internal.worker.tmpdir=D:\education\AQA-qamid-diplom\AQA-qamid-diplom\build\tmp\test\work -Dorg.gradle.native=false -Dselenide.headless -Dsut.url=http://localhost:8080/ --add-opens=java.base/java.util=ALL-UNNAMED --add-opens=java.base/java.lang=ALL-UNNAMED -Xmx512m -Dfile.encoding=windows-1251 -Duser.country=RU -Duser.language=ru -Duser.variant -ea worker.org.gradle.process.internal.worker.GradleWorkerMain 'Gradle Test Executor 65'

Host: Intel(R) Core(TM) i7-10870H CPU @ 2.20GHz, 16 cores, 15G,  Windows 11 , 64 bit Build 22621 (10.0.22621.1928)
Time: Fri Aug  4 20:33:28 2023 RTZ 2 (s 11 , 64 bit Build 22621 (10.0.22621.1928) elapsed time: 1.661215 seconds (0d 0h 0m 1s)

---------------  T H R E A D  ---------------

Current thread (0x000001ef3e139800):  JavaThread "C2 CompilerThread1" daemon [_thread_in_native, id=14828, stack(0x000000ab67900000,0x000000ab67a00000)]


Current CompileTask:
C2:   1661 2137  s!   4       jdk.internal.loader.URLClassPath::getLoader (194 bytes)

Stack: [0x000000ab67900000,0x000000ab67a00000]
Native frames: (J=compiled Java code, j=interpreted, Vv=VM code, C=native code)
V  [jvm.dll+0x61f66a]
V  [jvm.dll+0x7ac889]
V  [jvm.dll+0x7adf78]
V  [jvm.dll+0x7ae653]
V  [jvm.dll+0x24fbe8]
V  [jvm.dll+0xc262c]
V  [jvm.dll+0xc2bec]
V  [gdi32full.dll+0x35a037]
V  [jvm.dll+0x19eac1]
V  [jvm.dll+0x209165]
V  [jvm.dll+0x20818d]
V  [jvm.dll+0x18a3c1]
V  [jvm.dll+0x217894]
V  [jvm.dll+0x215adb]
V  [jvm.dll+0x76f380]
V  [jvm.dll+0x7682b4]
V  [jvm.dll+0x61e4d5]
C  [ucrtbase.dll+0x29363]
C  [KERNEL32.DLL+0x126ad]
C  [ntdll.dll+0x5aa68]


---------------  P R O C E S S  ---------------

Threads class SMR info:
_java_thread_list=0x000001ef3ddc5330, length=17, elements={
0x000001ef20634000, 0x000001ef3d14b800, 0x000001ef3d14d000, 0x000001ef3d1ad000,
0x000001ef3d1af000, 0x000001ef3d1b0800, 0x000001ef3d1b4000, 0x000001ef3d1b5000,
0x000001ef3d1b8000, 0x000001ef3d2e1800, 0x000001ef3d33c000, 0x000001ef3dc02000,
0x000001ef3de1d000, 0x000001ef3de3e800, 0x000001ef3e0d1000, 0x000001ef3e03a800,
0x000001ef3e139800
}

Java Threads: ( => current thread )
  0x000001ef20634000 JavaThread "Test worker" [_thread_in_native, id=19948, stack(0x000000ab66100000,0x000000ab66200000)]
  0x000001ef3d14b800 JavaThread "Reference Handler" daemon [_thread_blocked, id=28588, stack(0x000000ab66800000,0x000000ab66900000)]
  0x000001ef3d14d000 JavaThread "Finalizer" daemon [_thread_blocked, id=1852, stack(0x000000ab66900000,0x000000ab66a00000)]
  0x000001ef3d1ad000 JavaThread "Signal Dispatcher" daemon [_thread_blocked, id=31936, stack(0x000000ab66a00000,0x000000ab66b00000)]
  0x000001ef3d1af000 JavaThread "Attach Listener" daemon [_thread_blocked, id=23748, stack(0x000000ab66b00000,0x000000ab66c00000)]
  0x000001ef3d1b0800 JavaThread "Service Thread" daemon [_thread_blocked, id=32628, stack(0x000000ab66c00000,0x000000ab66d00000)]
  0x000001ef3d1b4000 JavaThread "C2 CompilerThread0" daemon [_thread_in_native, id=3192, stack(0x000000ab66d00000,0x000000ab66e00000)]
  0x000001ef3d1b5000 JavaThread "C1 CompilerThread0" daemon [_thread_blocked, id=18960, stack(0x000000ab66e00000,0x000000ab66f00000)]
  0x000001ef3d1b8000 JavaThread "Sweeper thread" daemon [_thread_blocked, id=31516, stack(0x000000ab66f00000,0x000000ab67000000)]
  0x000001ef3d2e1800 JavaThread "Common-Cleaner" daemon [_thread_blocked, id=1228, stack(0x000000ab67000000,0x000000ab67100000)]
  0x000001ef3d33c000 JavaThread "C1 CompilerThread1" daemon [_thread_blocked, id=17368, stack(0x000000ab67100000,0x000000ab67200000)]
  0x000001ef3dc02000 JavaThread "C1 CompilerThread2" daemon [_thread_blocked, id=32428, stack(0x000000ab67300000,0x000000ab67400000)]
  0x000001ef3de1d000 JavaThread "C1 CompilerThread3" daemon [_thread_blocked, id=26328, stack(0x000000ab67500000,0x000000ab67600000)]
  0x000001ef3de3e800 JavaThread "/127.0.0.1:56070 to /127.0.0.1:56069 workers" [_thread_blocked, id=30612, stack(0x000000ab67700000,0x000000ab67800000)]
  0x000001ef3e0d1000 JavaThread "/127.0.0.1:56070 to /127.0.0.1:56069 workers Thread 2" [_thread_blocked, id=29712, stack(0x000000ab67400000,0x000000ab67500000)]
  0x000001ef3e03a800 JavaThread "/127.0.0.1:56070 to /127.0.0.1:56069 workers Thread 3" [_thread_in_native, id=26416, stack(0x000000ab67800000,0x000000ab67900000)]
=>0x000001ef3e139800 JavaThread "C2 CompilerThread1" daemon [_thread_in_native, id=14828, stack(0x000000ab67900000,0x000000ab67a00000)]

Other Threads:
  0x000001ef3d125000 VMThread "VM Thread" [stack: 0x000000ab66700000,0x000000ab66800000] [id=31024]
  0x000001ef3d33e800 WatcherThread [stack: 0x000000ab67200000,0x000000ab67300000] [id=33608]
  0x000001ef2064f800 GCTaskThread "GC Thread#0" [stack: 0x000000ab66200000,0x000000ab66300000] [id=3212]
  0x000001ef3e134800 GCTaskThread "GC Thread#1" [stack: 0x000000ab67a00000,0x000000ab67b00000] [id=19632]
  0x000001ef3e1e9000 GCTaskThread "GC Thread#2" [stack: 0x000000ab67b00000,0x000000ab67c00000] [id=31492]
  0x000001ef3e1e9800 GCTaskThread "GC Thread#3" [stack: 0x000000ab67c00000,0x000000ab67d00000] [id=8528]
  0x000001ef3e1ea800 GCTaskThread "GC Thread#4" [stack: 0x000000ab67d00000,0x000000ab67e00000] [id=6336]
  0x000001ef3e1ee000 GCTaskThread "GC Thread#5" [stack: 0x000000ab67e00000,0x000000ab67f00000] [id=28888]
  0x000001ef3e1ee800 GCTaskThread "GC Thread#6" [stack: 0x000000ab67f00000,0x000000ab68000000] [id=25920]
  0x000001ef3e1ef800 GCTaskThread "GC Thread#7" [stack: 0x000000ab68000000,0x000000ab68100000] [id=26056]
  0x000001ef20661800 ConcurrentGCThread "G1 Main Marker" [stack: 0x000000ab66300000,0x000000ab66400000] [id=21532]
  0x000001ef20663800 ConcurrentGCThread "G1 Conc#0" [stack: 0x000000ab66400000,0x000000ab66500000] [id=11552]
  0x000001ef3e2a6800 ConcurrentGCThread "G1 Conc#1" [stack: 0x000000ab68100000,0x000000ab68200000] [id=16524]
  0x000001ef3e256800 ConcurrentGCThread "G1 Conc#2" [stack: 0x000000ab68200000,0x000000ab68300000] [id=32432]
  0x000001ef206fd800 ConcurrentGCThread "G1 Refine#0" [stack: 0x000000ab66500000,0x000000ab66600000] [id=13444]
  0x000001ef3c792800 ConcurrentGCThread "G1 Young RemSet Sampling" [stack: 0x000000ab66600000,0x000000ab66700000] [id=25436]

Threads with active compile tasks:
C2 CompilerThread0     1688 2176   !   4       java.util.concurrent.ConcurrentHashMap::putVal (432 bytes)
C2 CompilerThread1     1688 2137  s!   4       jdk.internal.loader.URLClassPath::getLoader (194 bytes)

VM state:not at safepoint (normal execution)

VM Mutex/Monitor currently owned by a thread: None

Heap address: 0x00000000e0000000, size: 512 MB, Compressed Oops mode: 32-bit
Narrow klass base: 0x0000000000000000, Narrow klass shift: 3
Compressed class space size: 1073741824 Address: 0x0000000100000000

Heap:
 garbage-first heap   total 260096K, used 17940K [0x00000000e0000000, 0x0000000100000000)
  region size 1024K, 11 young (11264K), 3 survivors (3072K)
 Metaspace       used 24393K, capacity 25128K, committed 25344K, reserved 1071104K
  class space    used 2710K, capacity 2991K, committed 3072K, reserved 1048576K
Heap Regions: E=young(eden), S=young(survivor), O=old, HS=humongous(starts), HC=humongous(continues), CS=collection set, F=free, A=archive, TAMS=top-at-mark-start (previous, next)
|   0|0x00000000e0000000, 0x00000000e0100000, 0x00000000e0100000|100%| O|  |TAMS 0x00000000e0100000, 0x00000000e0000000| Untracked 
|   1|0x00000000e0100000, 0x00000000e0200000, 0x00000000e0200000|100%| O|  |TAMS 0x00000000e0200000, 0x00000000e0100000| Untracked 
|   2|0x00000000e0200000, 0x00000000e0300000, 0x00000000e0300000|100%| O|  |TAMS 0x00000000e0300000, 0x00000000e0200000| Untracked 
|   3|0x00000000e0300000, 0x00000000e0400000, 0x00000000e0400000|100%| O|  |TAMS 0x00000000e0400000, 0x00000000e0300000| Untracked 
|   4|0x00000000e0400000, 0x00000000e0500000, 0x00000000e0500000|100%| O|  |TAMS 0x00000000e046ec00, 0x00000000e0400000| Untracked 
|   5|0x00000000e0500000, 0x00000000e0600000, 0x00000000e0600000|100%| O|  |TAMS 0x00000000e0500000, 0x00000000e0500000| Untracked 
|   6|0x00000000e0600000, 0x00000000e0700000, 0x00000000e0700000|100%| O|  |TAMS 0x00000000e0600000, 0x00000000e0600000| Untracked 
|   7|0x00000000e0700000, 0x00000000e0785200, 0x00000000e0800000| 52%| O|  |TAMS 0x00000000e0700000, 0x00000000e0700000| Untracked 
|   8|0x00000000e0800000, 0x00000000e0800000, 0x00000000e0900000|  0%| F|  |TAMS 0x00000000e0800000, 0x00000000e0800000| Untracked 
|   9|0x00000000e0900000, 0x00000000e0900000, 0x00000000e0a00000|  0%| F|  |TAMS 0x00000000e0900000, 0x00000000e0900000| Untracked 
|  10|0x00000000e0a00000, 0x00000000e0a00000, 0x00000000e0b00000|  0%| F|  |TAMS 0x00000000e0a00000, 0x00000000e0a00000| Untracked 
|  11|0x00000000e0b00000, 0x00000000e0b00000, 0x00000000e0c00000|  0%| F|  |TAMS 0x00000000e0b00000, 0x00000000e0b00000| Untracked 
|  12|0x00000000e0c00000, 0x00000000e0c00000, 0x00000000e0d00000|  0%| F|  |TAMS 0x00000000e0c00000, 0x00000000e0c00000| Untracked 
|  13|0x00000000e0d00000, 0x00000000e0d00000, 0x00000000e0e00000|  0%| F|  |TAMS 0x00000000e0d00000, 0x00000000e0d00000| Untracked 
|  14|0x00000000e0e00000, 0x00000000e0e00000, 0x00000000e0f00000|  0%| F|  |TAMS 0x00000000e0e00000, 0x00000000e0e00000| Untracked 
|  15|0x00000000e0f00000, 0x00000000e0f00000, 0x00000000e1000000|  0%| F|  |TAMS 0x00000000e0f00000, 0x00000000e0f00000| Untracked 
|  16|0x00000000e1000000, 0x00000000e1000000, 0x00000000e1100000|  0%| F|  |TAMS 0x00000000e1000000, 0x00000000e1000000| Untracked 
|  17|0x00000000e1100000, 0x00000000e1100000, 0x00000000e1200000|  0%| F|  |TAMS 0x00000000e1100000, 0x00000000e1100000| Untracked 
|  18|0x00000000e1200000, 0x00000000e1200000, 0x00000000e1300000|  0%| F|  |TAMS 0x00000000e1200000, 0x00000000e1200000| Untracked 
|  19|0x00000000e1300000, 0x00000000e1300000, 0x00000000e1400000|  0%| F|  |TAMS 0x00000000e1300000, 0x00000000e1300000| Untracked 
|  20|0x00000000e1400000, 0x00000000e1400000, 0x00000000e1500000|  0%| F|  |TAMS 0x00000000e1400000, 0x00000000e1400000| Untracked 
|  21|0x00000000e1500000, 0x00000000e1500000, 0x00000000e1600000|  0%| F|  |TAMS 0x00000000e1500000, 0x00000000e1500000| Untracked 
|  22|0x00000000e1600000, 0x00000000e1600000, 0x00000000e1700000|  0%| F|  |TAMS 0x00000000e1600000, 0x00000000e1600000| Untracked 
|  23|0x00000000e1700000, 0x00000000e1700000, 0x00000000e1800000|  0%| F|  |TAMS 0x00000000e1700000, 0x00000000e1700000| Untracked 
|  24|0x00000000e1800000, 0x00000000e1800000, 0x00000000e1900000|  0%| F|  |TAMS 0x00000000e1800000, 0x00000000e1800000| Untracked 
|  25|0x00000000e1900000, 0x00000000e1900000, 0x00000000e1a00000|  0%| F|  |TAMS 0x00000000e1900000, 0x00000000e1900000| Untracked 
|  26|0x00000000e1a00000, 0x00000000e1a00000, 0x00000000e1b00000|  0%| F|  |TAMS 0x00000000e1a00000, 0x00000000e1a00000| Untracked 
|  27|0x00000000e1b00000, 0x00000000e1b00000, 0x00000000e1c00000|  0%| F|  |TAMS 0x00000000e1b00000, 0x00000000e1b00000| Untracked 
|  28|0x00000000e1c00000, 0x00000000e1c00000, 0x00000000e1d00000|  0%| F|  |TAMS 0x00000000e1c00000, 0x00000000e1c00000| Untracked 
|  29|0x00000000e1d00000, 0x00000000e1d00000, 0x00000000e1e00000|  0%| F|  |TAMS 0x00000000e1d00000, 0x00000000e1d00000| Untracked 
|  30|0x00000000e1e00000, 0x00000000e1e00000, 0x00000000e1f00000|  0%| F|  |TAMS 0x00000000e1e00000, 0x00000000e1e00000| Untracked 
|  31|0x00000000e1f00000, 0x00000000e1f00000, 0x00000000e2000000|  0%| F|  |TAMS 0x00000000e1f00000, 0x00000000e1f00000| Untracked 
|  32|0x00000000e2000000, 0x00000000e2000000, 0x00000000e2100000|  0%| F|  |TAMS 0x00000000e2000000, 0x00000000e2000000| Untracked 
|  33|0x00000000e2100000, 0x00000000e2100000, 0x00000000e2200000|  0%| F|  |TAMS 0x00000000e2100000, 0x00000000e2100000| Untracked 
|  34|0x00000000e2200000, 0x00000000e2200000, 0x00000000e2300000|  0%| F|  |TAMS 0x00000000e2200000, 0x00000000e2200000| Untracked 
|  35|0x00000000e2300000, 0x00000000e2300000, 0x00000000e2400000|  0%| F|  |TAMS 0x00000000e2300000, 0x00000000e2300000| Untracked 
|  36|0x00000000e2400000, 0x00000000e2400000, 0x00000000e2500000|  0%| F|  |TAMS 0x00000000e2400000, 0x00000000e2400000| Untracked 
|  37|0x00000000e2500000, 0x00000000e2500000, 0x00000000e2600000|  0%| F|  |TAMS 0x00000000e2500000, 0x00000000e2500000| Untracked 
|  38|0x00000000e2600000, 0x00000000e2600000, 0x00000000e2700000|  0%| F|  |TAMS 0x00000000e2600000, 0x00000000e2600000| Untracked 
|  39|0x00000000e2700000, 0x00000000e2700000, 0x00000000e2800000|  0%| F|  |TAMS 0x00000000e2700000, 0x00000000e2700000| Untracked 
|  40|0x00000000e2800000, 0x00000000e2800000, 0x00000000e2900000|  0%| F|  |TAMS 0x00000000e2800000, 0x00000000e2800000| Untracked 
|  41|0x00000000e2900000, 0x00000000e2900000, 0x00000000e2a00000|  0%| F|  |TAMS 0x00000000e2900000, 0x00000000e2900000| Untracked 
|  42|0x00000000e2a00000, 0x00000000e2a00000, 0x00000000e2b00000|  0%| F|  |TAMS 0x00000000e2a00000, 0x00000000e2a00000| Untracked 
|  43|0x00000000e2b00000, 0x00000000e2b00000, 0x00000000e2c00000|  0%| F|  |TAMS 0x00000000e2b00000, 0x00000000e2b00000| Untracked 
|  44|0x00000000e2c00000, 0x00000000e2c00000, 0x00000000e2d00000|  0%| F|  |TAMS 0x00000000e2c00000, 0x00000000e2c00000| Untracked 
|  45|0x00000000e2d00000, 0x00000000e2d00000, 0x00000000e2e00000|  0%| F|  |TAMS 0x00000000e2d00000, 0x00000000e2d00000| Untracked 
|  46|0x00000000e2e00000, 0x00000000e2e00000, 0x00000000e2f00000|  0%| F|  |TAMS 0x00000000e2e00000, 0x00000000e2e00000| Untracked 
|  47|0x00000000e2f00000, 0x00000000e2f00000, 0x00000000e3000000|  0%| F|  |TAMS 0x00000000e2f00000, 0x00000000e2f00000| Untracked 
|  48|0x00000000e3000000, 0x00000000e3000000, 0x00000000e3100000|  0%| F|  |TAMS 0x00000000e3000000, 0x00000000e3000000| Untracked 
|  49|0x00000000e3100000, 0x00000000e3100000, 0x00000000e3200000|  0%| F|  |TAMS 0x00000000e3100000, 0x00000000e3100000| Untracked 
|  50|0x00000000e3200000, 0x00000000e3200000, 0x00000000e3300000|  0%| F|  |TAMS 0x00000000e3200000, 0x00000000e3200000| Untracked 
|  51|0x00000000e3300000, 0x00000000e3300000, 0x00000000e3400000|  0%| F|  |TAMS 0x00000000e3300000, 0x00000000e3300000| Untracked 
|  52|0x00000000e3400000, 0x00000000e3400000, 0x00000000e3500000|  0%| F|  |TAMS 0x00000000e3400000, 0x00000000e3400000| Untracked 
|  53|0x00000000e3500000, 0x00000000e3500000, 0x00000000e3600000|  0%| F|  |TAMS 0x00000000e3500000, 0x00000000e3500000| Untracked 
|  54|0x00000000e3600000, 0x00000000e3600000, 0x00000000e3700000|  0%| F|  |TAMS 0x00000000e3600000, 0x00000000e3600000| Untracked 
|  55|0x00000000e3700000, 0x00000000e3700000, 0x00000000e3800000|  0%| F|  |TAMS 0x00000000e3700000, 0x00000000e3700000| Untracked 
|  56|0x00000000e3800000, 0x00000000e3800000, 0x00000000e3900000|  0%| F|  |TAMS 0x00000000e3800000, 0x00000000e3800000| Untracked 
|  57|0x00000000e3900000, 0x00000000e3900000, 0x00000000e3a00000|  0%| F|  |TAMS 0x00000000e3900000, 0x00000000e3900000| Untracked 
|  58|0x00000000e3a00000, 0x00000000e3a00000, 0x00000000e3b00000|  0%| F|  |TAMS 0x00000000e3a00000, 0x00000000e3a00000| Untracked 
|  59|0x00000000e3b00000, 0x00000000e3b00000, 0x00000000e3c00000|  0%| F|  |TAMS 0x00000000e3b00000, 0x00000000e3b00000| Untracked 
|  60|0x00000000e3c00000, 0x00000000e3c00000, 0x00000000e3d00000|  0%| F|  |TAMS 0x00000000e3c00000, 0x00000000e3c00000| Untracked 
|  61|0x00000000e3d00000, 0x00000000e3d00000, 0x00000000e3e00000|  0%| F|  |TAMS 0x00000000e3d00000, 0x00000000e3d00000| Untracked 
|  62|0x00000000e3e00000, 0x00000000e3e00000, 0x00000000e3f00000|  0%| F|  |TAMS 0x00000000e3e00000, 0x00000000e3e00000| Untracked 
|  63|0x00000000e3f00000, 0x00000000e3f00000, 0x00000000e4000000|  0%| F|  |TAMS 0x00000000e3f00000, 0x00000000e3f00000| Untracked 
|  64|0x00000000e4000000, 0x00000000e4000000, 0x00000000e4100000|  0%| F|  |TAMS 0x00000000e4000000, 0x00000000e4000000| Untracked 
|  65|0x00000000e4100000, 0x00000000e4100000, 0x00000000e4200000|  0%| F|  |TAMS 0x00000000e4100000, 0x00000000e4100000| Untracked 
|  66|0x00000000e4200000, 0x00000000e4200000, 0x00000000e4300000|  0%| F|  |TAMS 0x00000000e4200000, 0x00000000e4200000| Untracked 
|  67|0x00000000e4300000, 0x00000000e4300000, 0x00000000e4400000|  0%| F|  |TAMS 0x00000000e4300000, 0x00000000e4300000| Untracked 
|  68|0x00000000e4400000, 0x00000000e4400000, 0x00000000e4500000|  0%| F|  |TAMS 0x00000000e4400000, 0x00000000e4400000| Untracked 
|  69|0x00000000e4500000, 0x00000000e4500000, 0x00000000e4600000|  0%| F|  |TAMS 0x00000000e4500000, 0x00000000e4500000| Untracked 
|  70|0x00000000e4600000, 0x00000000e4600000, 0x00000000e4700000|  0%| F|  |TAMS 0x00000000e4600000, 0x00000000e4600000| Untracked 
|  71|0x00000000e4700000, 0x00000000e4700000, 0x00000000e4800000|  0%| F|  |TAMS 0x00000000e4700000, 0x00000000e4700000| Untracked 
|  72|0x00000000e4800000, 0x00000000e4800000, 0x00000000e4900000|  0%| F|  |TAMS 0x00000000e4800000, 0x00000000e4800000| Untracked 
|  73|0x00000000e4900000, 0x00000000e4900000, 0x00000000e4a00000|  0%| F|  |TAMS 0x00000000e4900000, 0x00000000e4900000| Untracked 
|  74|0x00000000e4a00000, 0x00000000e4a00000, 0x00000000e4b00000|  0%| F|  |TAMS 0x00000000e4a00000, 0x00000000e4a00000| Untracked 
|  75|0x00000000e4b00000, 0x00000000e4b00000, 0x00000000e4c00000|  0%| F|  |TAMS 0x00000000e4b00000, 0x00000000e4b00000| Untracked 
|  76|0x00000000e4c00000, 0x00000000e4c00000, 0x00000000e4d00000|  0%| F|  |TAMS 0x00000000e4c00000, 0x00000000e4c00000| Untracked 
|  77|0x00000000e4d00000, 0x00000000e4d00000, 0x00000000e4e00000|  0%| F|  |TAMS 0x00000000e4d00000, 0x00000000e4d00000| Untracked 
|  78|0x00000000e4e00000, 0x00000000e4e00000, 0x00000000e4f00000|  0%| F|  |TAMS 0x00000000e4e00000, 0x00000000e4e00000| Untracked 
|  79|0x00000000e4f00000, 0x00000000e4f00000, 0x00000000e5000000|  0%| F|  |TAMS 0x00000000e4f00000, 0x00000000e4f00000| Untracked 
|  80|0x00000000e5000000, 0x00000000e5000000, 0x00000000e5100000|  0%| F|  |TAMS 0x00000000e5000000, 0x00000000e5000000| Untracked 
|  81|0x00000000e5100000, 0x00000000e5100000, 0x00000000e5200000|  0%| F|  |TAMS 0x00000000e5100000, 0x00000000e5100000| Untracked 
|  82|0x00000000e5200000, 0x00000000e5200000, 0x00000000e5300000|  0%| F|  |TAMS 0x00000000e5200000, 0x00000000e5200000| Untracked 
|  83|0x00000000e5300000, 0x00000000e5300000, 0x00000000e5400000|  0%| F|  |TAMS 0x00000000e5300000, 0x00000000e5300000| Untracked 
|  84|0x00000000e5400000, 0x00000000e5400000, 0x00000000e5500000|  0%| F|  |TAMS 0x00000000e5400000, 0x00000000e5400000| Untracked 
|  85|0x00000000e5500000, 0x00000000e5500000, 0x00000000e5600000|  0%| F|  |TAMS 0x00000000e5500000, 0x00000000e5500000| Untracked 
|  86|0x00000000e5600000, 0x00000000e5600000, 0x00000000e5700000|  0%| F|  |TAMS 0x00000000e5600000, 0x00000000e5600000| Untracked 
|  87|0x00000000e5700000, 0x00000000e5700000, 0x00000000e5800000|  0%| F|  |TAMS 0x00000000e5700000, 0x00000000e5700000| Untracked 
|  88|0x00000000e5800000, 0x00000000e5800000, 0x00000000e5900000|  0%| F|  |TAMS 0x00000000e5800000, 0x00000000e5800000| Untracked 
|  89|0x00000000e5900000, 0x00000000e5900000, 0x00000000e5a00000|  0%| F|  |TAMS 0x00000000e5900000, 0x00000000e5900000| Untracked 
|  90|0x00000000e5a00000, 0x00000000e5a00000, 0x00000000e5b00000|  0%| F|  |TAMS 0x00000000e5a00000, 0x00000000e5a00000| Untracked 
|  91|0x00000000e5b00000, 0x00000000e5b00000, 0x00000000e5c00000|  0%| F|  |TAMS 0x00000000e5b00000, 0x00000000e5b00000| Untracked 
|  92|0x00000000e5c00000, 0x00000000e5c00000, 0x00000000e5d00000|  0%| F|  |TAMS 0x00000000e5c00000, 0x00000000e5c00000| Untracked 
|  93|0x00000000e5d00000, 0x00000000e5d00000, 0x00000000e5e00000|  0%| F|  |TAMS 0x00000000e5d00000, 0x00000000e5d00000| Untracked 
|  94|0x00000000e5e00000, 0x00000000e5e00000, 0x00000000e5f00000|  0%| F|  |TAMS 0x00000000e5e00000, 0x00000000e5e00000| Untracked 
|  95|0x00000000e5f00000, 0x00000000e5f00000, 0x00000000e6000000|  0%| F|  |TAMS 0x00000000e5f00000, 0x00000000e5f00000| Untracked 
|  96|0x00000000e6000000, 0x00000000e6000000, 0x00000000e6100000|  0%| F|  |TAMS 0x00000000e6000000, 0x00000000e6000000| Untracked 
|  97|0x00000000e6100000, 0x00000000e6100000, 0x00000000e6200000|  0%| F|  |TAMS 0x00000000e6100000, 0x00000000e6100000| Untracked 
|  98|0x00000000e6200000, 0x00000000e6200000, 0x00000000e6300000|  0%| F|  |TAMS 0x00000000e6200000, 0x00000000e6200000| Untracked 
|  99|0x00000000e6300000, 0x00000000e6300000, 0x00000000e6400000|  0%| F|  |TAMS 0x00000000e6300000, 0x00000000e6300000| Untracked 
| 100|0x00000000e6400000, 0x00000000e6400000, 0x00000000e6500000|  0%| F|  |TAMS 0x00000000e6400000, 0x00000000e6400000| Untracked 
| 101|0x00000000e6500000, 0x00000000e6500000, 0x00000000e6600000|  0%| F|  |TAMS 0x00000000e6500000, 0x00000000e6500000| Untracked 
| 102|0x00000000e6600000, 0x00000000e6600000, 0x00000000e6700000|  0%| F|  |TAMS 0x00000000e6600000, 0x00000000e6600000| Untracked 
| 103|0x00000000e6700000, 0x00000000e6700000, 0x00000000e6800000|  0%| F|  |TAMS 0x00000000e6700000, 0x00000000e6700000| Untracked 
| 104|0x00000000e6800000, 0x00000000e6800000, 0x00000000e6900000|  0%| F|  |TAMS 0x00000000e6800000, 0x00000000e6800000| Untracked 
| 105|0x00000000e6900000, 0x00000000e6900000, 0x00000000e6a00000|  0%| F|  |TAMS 0x00000000e6900000, 0x00000000e6900000| Untracked 
| 106|0x00000000e6a00000, 0x00000000e6a00000, 0x00000000e6b00000|  0%| F|  |TAMS 0x00000000e6a00000, 0x00000000e6a00000| Untracked 
| 107|0x00000000e6b00000, 0x00000000e6b00000, 0x00000000e6c00000|  0%| F|  |TAMS 0x00000000e6b00000, 0x00000000e6b00000| Untracked 
| 108|0x00000000e6c00000, 0x00000000e6c00000, 0x00000000e6d00000|  0%| F|  |TAMS 0x00000000e6c00000, 0x00000000e6c00000| Untracked 
| 109|0x00000000e6d00000, 0x00000000e6d00000, 0x00000000e6e00000|  0%| F|  |TAMS 0x00000000e6d00000, 0x00000000e6d00000| Untracked 
| 110|0x00000000e6e00000, 0x00000000e6e00000, 0x00000000e6f00000|  0%| F|  |TAMS 0x00000000e6e00000, 0x00000000e6e00000| Untracked 
| 111|0x00000000e6f00000, 0x00000000e6f00000, 0x00000000e7000000|  0%| F|  |TAMS 0x00000000e6f00000, 0x00000000e6f00000| Untracked 
| 112|0x00000000e7000000, 0x00000000e7000000, 0x00000000e7100000|  0%| F|  |TAMS 0x00000000e7000000, 0x00000000e7000000| Untracked 
| 113|0x00000000e7100000, 0x00000000e7100000, 0x00000000e7200000|  0%| F|  |TAMS 0x00000000e7100000, 0x00000000e7100000| Untracked 
| 114|0x00000000e7200000, 0x00000000e7200000, 0x00000000e7300000|  0%| F|  |TAMS 0x00000000e7200000, 0x00000000e7200000| Untracked 
| 115|0x00000000e7300000, 0x00000000e7300000, 0x00000000e7400000|  0%| F|  |TAMS 0x00000000e7300000, 0x00000000e7300000| Untracked 
| 116|0x00000000e7400000, 0x00000000e7400000, 0x00000000e7500000|  0%| F|  |TAMS 0x00000000e7400000, 0x00000000e7400000| Untracked 
| 117|0x00000000e7500000, 0x00000000e7500000, 0x00000000e7600000|  0%| F|  |TAMS 0x00000000e7500000, 0x00000000e7500000| Untracked 
| 118|0x00000000e7600000, 0x00000000e7600000, 0x00000000e7700000|  0%| F|  |TAMS 0x00000000e7600000, 0x00000000e7600000| Untracked 
| 119|0x00000000e7700000, 0x00000000e7700000, 0x00000000e7800000|  0%| F|  |TAMS 0x00000000e7700000, 0x00000000e7700000| Untracked 
| 120|0x00000000e7800000, 0x00000000e7800000, 0x00000000e7900000|  0%| F|  |TAMS 0x00000000e7800000, 0x00000000e7800000| Untracked 
| 121|0x00000000e7900000, 0x00000000e7900000, 0x00000000e7a00000|  0%| F|  |TAMS 0x00000000e7900000, 0x00000000e7900000| Untracked 
| 122|0x00000000e7a00000, 0x00000000e7a00000, 0x00000000e7b00000|  0%| F|  |TAMS 0x00000000e7a00000, 0x00000000e7a00000| Untracked 
| 123|0x00000000e7b00000, 0x00000000e7b00000, 0x00000000e7c00000|  0%| F|  |TAMS 0x00000000e7b00000, 0x00000000e7b00000| Untracked 
| 124|0x00000000e7c00000, 0x00000000e7c00000, 0x00000000e7d00000|  0%| F|  |TAMS 0x00000000e7c00000, 0x00000000e7c00000| Untracked 
| 125|0x00000000e7d00000, 0x00000000e7d00000, 0x00000000e7e00000|  0%| F|  |TAMS 0x00000000e7d00000, 0x00000000e7d00000| Untracked 
| 126|0x00000000e7e00000, 0x00000000e7e00000, 0x00000000e7f00000|  0%| F|  |TAMS 0x00000000e7e00000, 0x00000000e7e00000| Untracked 
| 127|0x00000000e7f00000, 0x00000000e7f00000, 0x00000000e8000000|  0%| F|  |TAMS 0x00000000e7f00000, 0x00000000e7f00000| Untracked 
| 128|0x00000000e8000000, 0x00000000e8000000, 0x00000000e8100000|  0%| F|  |TAMS 0x00000000e8000000, 0x00000000e8000000| Untracked 
| 129|0x00000000e8100000, 0x00000000e8100000, 0x00000000e8200000|  0%| F|  |TAMS 0x00000000e8100000, 0x00000000e8100000| Untracked 
| 130|0x00000000e8200000, 0x00000000e8200000, 0x00000000e8300000|  0%| F|  |TAMS 0x00000000e8200000, 0x00000000e8200000| Untracked 
| 131|0x00000000e8300000, 0x00000000e8300000, 0x00000000e8400000|  0%| F|  |TAMS 0x00000000e8300000, 0x00000000e8300000| Untracked 
| 132|0x00000000e8400000, 0x00000000e8400000, 0x00000000e8500000|  0%| F|  |TAMS 0x00000000e8400000, 0x00000000e8400000| Untracked 
| 133|0x00000000e8500000, 0x00000000e8500000, 0x00000000e8600000|  0%| F|  |TAMS 0x00000000e8500000, 0x00000000e8500000| Untracked 
| 134|0x00000000e8600000, 0x00000000e8600000, 0x00000000e8700000|  0%| F|  |TAMS 0x00000000e8600000, 0x00000000e8600000| Untracked 
| 135|0x00000000e8700000, 0x00000000e8700000, 0x00000000e8800000|  0%| F|  |TAMS 0x00000000e8700000, 0x00000000e8700000| Untracked 
| 136|0x00000000e8800000, 0x00000000e8800000, 0x00000000e8900000|  0%| F|  |TAMS 0x00000000e8800000, 0x00000000e8800000| Untracked 
| 137|0x00000000e8900000, 0x00000000e8900000, 0x00000000e8a00000|  0%| F|  |TAMS 0x00000000e8900000, 0x00000000e8900000| Untracked 
| 138|0x00000000e8a00000, 0x00000000e8a00000, 0x00000000e8b00000|  0%| F|  |TAMS 0x00000000e8a00000, 0x00000000e8a00000| Untracked 
| 139|0x00000000e8b00000, 0x00000000e8b00000, 0x00000000e8c00000|  0%| F|  |TAMS 0x00000000e8b00000, 0x00000000e8b00000| Untracked 
| 140|0x00000000e8c00000, 0x00000000e8c00000, 0x00000000e8d00000|  0%| F|  |TAMS 0x00000000e8c00000, 0x00000000e8c00000| Untracked 
| 141|0x00000000e8d00000, 0x00000000e8d00000, 0x00000000e8e00000|  0%| F|  |TAMS 0x00000000e8d00000, 0x00000000e8d00000| Untracked 
| 142|0x00000000e8e00000, 0x00000000e8e00000, 0x00000000e8f00000|  0%| F|  |TAMS 0x00000000e8e00000, 0x00000000e8e00000| Untracked 
| 143|0x00000000e8f00000, 0x00000000e8f00000, 0x00000000e9000000|  0%| F|  |TAMS 0x00000000e8f00000, 0x00000000e8f00000| Untracked 
| 144|0x00000000e9000000, 0x00000000e9000000, 0x00000000e9100000|  0%| F|  |TAMS 0x00000000e9000000, 0x00000000e9000000| Untracked 
| 145|0x00000000e9100000, 0x00000000e9100000, 0x00000000e9200000|  0%| F|  |TAMS 0x00000000e9100000, 0x00000000e9100000| Untracked 
| 146|0x00000000e9200000, 0x00000000e9200000, 0x00000000e9300000|  0%| F|  |TAMS 0x00000000e9200000, 0x00000000e9200000| Untracked 
| 147|0x00000000e9300000, 0x00000000e9300000, 0x00000000e9400000|  0%| F|  |TAMS 0x00000000e9300000, 0x00000000e9300000| Untracked 
| 148|0x00000000e9400000, 0x00000000e9400000, 0x00000000e9500000|  0%| F|  |TAMS 0x00000000e9400000, 0x00000000e9400000| Untracked 
| 149|0x00000000e9500000, 0x00000000e9500000, 0x00000000e9600000|  0%| F|  |TAMS 0x00000000e9500000, 0x00000000e9500000| Untracked 
| 150|0x00000000e9600000, 0x00000000e9600000, 0x00000000e9700000|  0%| F|  |TAMS 0x00000000e9600000, 0x00000000e9600000| Untracked 
| 151|0x00000000e9700000, 0x00000000e9700000, 0x00000000e9800000|  0%| F|  |TAMS 0x00000000e9700000, 0x00000000e9700000| Untracked 
| 152|0x00000000e9800000, 0x00000000e9800000, 0x00000000e9900000|  0%| F|  |TAMS 0x00000000e9800000, 0x00000000e9800000| Untracked 
| 153|0x00000000e9900000, 0x00000000e9900000, 0x00000000e9a00000|  0%| F|  |TAMS 0x00000000e9900000, 0x00000000e9900000| Untracked 
| 154|0x00000000e9a00000, 0x00000000e9a00000, 0x00000000e9b00000|  0%| F|  |TAMS 0x00000000e9a00000, 0x00000000e9a00000| Untracked 
| 155|0x00000000e9b00000, 0x00000000e9b00000, 0x00000000e9c00000|  0%| F|  |TAMS 0x00000000e9b00000, 0x00000000e9b00000| Untracked 
| 156|0x00000000e9c00000, 0x00000000e9c00000, 0x00000000e9d00000|  0%| F|  |TAMS 0x00000000e9c00000, 0x00000000e9c00000| Untracked 
| 157|0x00000000e9d00000, 0x00000000e9d00000, 0x00000000e9e00000|  0%| F|  |TAMS 0x00000000e9d00000, 0x00000000e9d00000| Untracked 
| 158|0x00000000e9e00000, 0x00000000e9e00000, 0x00000000e9f00000|  0%| F|  |TAMS 0x00000000e9e00000, 0x00000000e9e00000| Untracked 
| 159|0x00000000e9f00000, 0x00000000e9f00000, 0x00000000ea000000|  0%| F|  |TAMS 0x00000000e9f00000, 0x00000000e9f00000| Untracked 
| 160|0x00000000ea000000, 0x00000000ea000000, 0x00000000ea100000|  0%| F|  |TAMS 0x00000000ea000000, 0x00000000ea000000| Untracked 
| 161|0x00000000ea100000, 0x00000000ea100000, 0x00000000ea200000|  0%| F|  |TAMS 0x00000000ea100000, 0x00000000ea100000| Untracked 
| 162|0x00000000ea200000, 0x00000000ea200000, 0x00000000ea300000|  0%| F|  |TAMS 0x00000000ea200000, 0x00000000ea200000| Untracked 
| 163|0x00000000ea300000, 0x00000000ea300000, 0x00000000ea400000|  0%| F|  |TAMS 0x00000000ea300000, 0x00000000ea300000| Untracked 
| 164|0x00000000ea400000, 0x00000000ea400000, 0x00000000ea500000|  0%| F|  |TAMS 0x00000000ea400000, 0x00000000ea400000| Untracked 
| 165|0x00000000ea500000, 0x00000000ea500000, 0x00000000ea600000|  0%| F|  |TAMS 0x00000000ea500000, 0x00000000ea500000| Untracked 
| 166|0x00000000ea600000, 0x00000000ea600000, 0x00000000ea700000|  0%| F|  |TAMS 0x00000000ea600000, 0x00000000ea600000| Untracked 
| 167|0x00000000ea700000, 0x00000000ea700000, 0x00000000ea800000|  0%| F|  |TAMS 0x00000000ea700000, 0x00000000ea700000| Untracked 
| 168|0x00000000ea800000, 0x00000000ea800000, 0x00000000ea900000|  0%| F|  |TAMS 0x00000000ea800000, 0x00000000ea800000| Untracked 
| 169|0x00000000ea900000, 0x00000000ea900000, 0x00000000eaa00000|  0%| F|  |TAMS 0x00000000ea900000, 0x00000000ea900000| Untracked 
| 170|0x00000000eaa00000, 0x00000000eaa00000, 0x00000000eab00000|  0%| F|  |TAMS 0x00000000eaa00000, 0x00000000eaa00000| Untracked 
| 171|0x00000000eab00000, 0x00000000eab00000, 0x00000000eac00000|  0%| F|  |TAMS 0x00000000eab00000, 0x00000000eab00000| Untracked 
| 172|0x00000000eac00000, 0x00000000eac00000, 0x00000000ead00000|  0%| F|  |TAMS 0x00000000eac00000, 0x00000000eac00000| Untracked 
| 173|0x00000000ead00000, 0x00000000ead00000, 0x00000000eae00000|  0%| F|  |TAMS 0x00000000ead00000, 0x00000000ead00000| Untracked 
| 174|0x00000000eae00000, 0x00000000eae00000, 0x00000000eaf00000|  0%| F|  |TAMS 0x00000000eae00000, 0x00000000eae00000| Untracked 
| 175|0x00000000eaf00000, 0x00000000eaf00000, 0x00000000eb000000|  0%| F|  |TAMS 0x00000000eaf00000, 0x00000000eaf00000| Untracked 
| 176|0x00000000eb000000, 0x00000000eb000000, 0x00000000eb100000|  0%| F|  |TAMS 0x00000000eb000000, 0x00000000eb000000| Untracked 
| 177|0x00000000eb100000, 0x00000000eb100000, 0x00000000eb200000|  0%| F|  |TAMS 0x00000000eb100000, 0x00000000eb100000| Untracked 
| 178|0x00000000eb200000, 0x00000000eb200000, 0x00000000eb300000|  0%| F|  |TAMS 0x00000000eb200000, 0x00000000eb200000| Untracked 
| 179|0x00000000eb300000, 0x00000000eb300000, 0x00000000eb400000|  0%| F|  |TAMS 0x00000000eb300000, 0x00000000eb300000| Untracked 
| 180|0x00000000eb400000, 0x00000000eb400000, 0x00000000eb500000|  0%| F|  |TAMS 0x00000000eb400000, 0x00000000eb400000| Untracked 
| 181|0x00000000eb500000, 0x00000000eb500000, 0x00000000eb600000|  0%| F|  |TAMS 0x00000000eb500000, 0x00000000eb500000| Untracked 
| 182|0x00000000eb600000, 0x00000000eb600000, 0x00000000eb700000|  0%| F|  |TAMS 0x00000000eb600000, 0x00000000eb600000| Untracked 
| 183|0x00000000eb700000, 0x00000000eb700000, 0x00000000eb800000|  0%| F|  |TAMS 0x00000000eb700000, 0x00000000eb700000| Untracked 
| 184|0x00000000eb800000, 0x00000000eb800000, 0x00000000eb900000|  0%| F|  |TAMS 0x00000000eb800000, 0x00000000eb800000| Untracked 
| 185|0x00000000eb900000, 0x00000000eb900000, 0x00000000eba00000|  0%| F|  |TAMS 0x00000000eb900000, 0x00000000eb900000| Untracked 
| 186|0x00000000eba00000, 0x00000000eba00000, 0x00000000ebb00000|  0%| F|  |TAMS 0x00000000eba00000, 0x00000000eba00000| Untracked 
| 187|0x00000000ebb00000, 0x00000000ebb00000, 0x00000000ebc00000|  0%| F|  |TAMS 0x00000000ebb00000, 0x00000000ebb00000| Untracked 
| 188|0x00000000ebc00000, 0x00000000ebc00000, 0x00000000ebd00000|  0%| F|  |TAMS 0x00000000ebc00000, 0x00000000ebc00000| Untracked 
| 189|0x00000000ebd00000, 0x00000000ebd00000, 0x00000000ebe00000|  0%| F|  |TAMS 0x00000000ebd00000, 0x00000000ebd00000| Untracked 
| 190|0x00000000ebe00000, 0x00000000ebe00000, 0x00000000ebf00000|  0%| F|  |TAMS 0x00000000ebe00000, 0x00000000ebe00000| Untracked 
| 191|0x00000000ebf00000, 0x00000000ebf00000, 0x00000000ec000000|  0%| F|  |TAMS 0x00000000ebf00000, 0x00000000ebf00000| Untracked 
| 192|0x00000000ec000000, 0x00000000ec000000, 0x00000000ec100000|  0%| F|  |TAMS 0x00000000ec000000, 0x00000000ec000000| Untracked 
| 193|0x00000000ec100000, 0x00000000ec100000, 0x00000000ec200000|  0%| F|  |TAMS 0x00000000ec100000, 0x00000000ec100000| Untracked 
| 194|0x00000000ec200000, 0x00000000ec200000, 0x00000000ec300000|  0%| F|  |TAMS 0x00000000ec200000, 0x00000000ec200000| Untracked 
| 195|0x00000000ec300000, 0x00000000ec300000, 0x00000000ec400000|  0%| F|  |TAMS 0x00000000ec300000, 0x00000000ec300000| Untracked 
| 196|0x00000000ec400000, 0x00000000ec400000, 0x00000000ec500000|  0%| F|  |TAMS 0x00000000ec400000, 0x00000000ec400000| Untracked 
| 197|0x00000000ec500000, 0x00000000ec500000, 0x00000000ec600000|  0%| F|  |TAMS 0x00000000ec500000, 0x00000000ec500000| Untracked 
| 198|0x00000000ec600000, 0x00000000ec600000, 0x00000000ec700000|  0%| F|  |TAMS 0x00000000ec600000, 0x00000000ec600000| Untracked 
| 199|0x00000000ec700000, 0x00000000ec700000, 0x00000000ec800000|  0%| F|  |TAMS 0x00000000ec700000, 0x00000000ec700000| Untracked 
| 200|0x00000000ec800000, 0x00000000ec800000, 0x00000000ec900000|  0%| F|  |TAMS 0x00000000ec800000, 0x00000000ec800000| Untracked 
| 201|0x00000000ec900000, 0x00000000ec900000, 0x00000000eca00000|  0%| F|  |TAMS 0x00000000ec900000, 0x00000000ec900000| Untracked 
| 202|0x00000000eca00000, 0x00000000eca00000, 0x00000000ecb00000|  0%| F|  |TAMS 0x00000000eca00000, 0x00000000eca00000| Untracked 
| 203|0x00000000ecb00000, 0x00000000ecb00000, 0x00000000ecc00000|  0%| F|  |TAMS 0x00000000ecb00000, 0x00000000ecb00000| Untracked 
| 204|0x00000000ecc00000, 0x00000000ecc00000, 0x00000000ecd00000|  0%| F|  |TAMS 0x00000000ecc00000, 0x00000000ecc00000| Untracked 
| 205|0x00000000ecd00000, 0x00000000ecd00000, 0x00000000ece00000|  0%| F|  |TAMS 0x00000000ecd00000, 0x00000000ecd00000| Untracked 
| 206|0x00000000ece00000, 0x00000000ece00000, 0x00000000ecf00000|  0%| F|  |TAMS 0x00000000ece00000, 0x00000000ece00000| Untracked 
| 207|0x00000000ecf00000, 0x00000000ecf00000, 0x00000000ed000000|  0%| F|  |TAMS 0x00000000ecf00000, 0x00000000ecf00000| Untracked 
| 208|0x00000000ed000000, 0x00000000ed000000, 0x00000000ed100000|  0%| F|  |TAMS 0x00000000ed000000, 0x00000000ed000000| Untracked 
| 209|0x00000000ed100000, 0x00000000ed100000, 0x00000000ed200000|  0%| F|  |TAMS 0x00000000ed100000, 0x00000000ed100000| Untracked 
| 210|0x00000000ed200000, 0x00000000ed200000, 0x00000000ed300000|  0%| F|  |TAMS 0x00000000ed200000, 0x00000000ed200000| Untracked 
| 211|0x00000000ed300000, 0x00000000ed300000, 0x00000000ed400000|  0%| F|  |TAMS 0x00000000ed300000, 0x00000000ed300000| Untracked 
| 212|0x00000000ed400000, 0x00000000ed400000, 0x00000000ed500000|  0%| F|  |TAMS 0x00000000ed400000, 0x00000000ed400000| Untracked 
| 213|0x00000000ed500000, 0x00000000ed500000, 0x00000000ed600000|  0%| F|  |TAMS 0x00000000ed500000, 0x00000000ed500000| Untracked 
| 214|0x00000000ed600000, 0x00000000ed600000, 0x00000000ed700000|  0%| F|  |TAMS 0x00000000ed600000, 0x00000000ed600000| Untracked 
| 215|0x00000000ed700000, 0x00000000ed700000, 0x00000000ed800000|  0%| F|  |TAMS 0x00000000ed700000, 0x00000000ed700000| Untracked 
| 216|0x00000000ed800000, 0x00000000ed800000, 0x00000000ed900000|  0%| F|  |TAMS 0x00000000ed800000, 0x00000000ed800000| Untracked 
| 217|0x00000000ed900000, 0x00000000ed900000, 0x00000000eda00000|  0%| F|  |TAMS 0x00000000ed900000, 0x00000000ed900000| Untracked 
| 218|0x00000000eda00000, 0x00000000eda00000, 0x00000000edb00000|  0%| F|  |TAMS 0x00000000eda00000, 0x00000000eda00000| Untracked 
| 219|0x00000000edb00000, 0x00000000edb00000, 0x00000000edc00000|  0%| F|  |TAMS 0x00000000edb00000, 0x00000000edb00000| Untracked 
| 220|0x00000000edc00000, 0x00000000edc00000, 0x00000000edd00000|  0%| F|  |TAMS 0x00000000edc00000, 0x00000000edc00000| Untracked 
| 221|0x00000000edd00000, 0x00000000edd00000, 0x00000000ede00000|  0%| F|  |TAMS 0x00000000edd00000, 0x00000000edd00000| Untracked 
| 222|0x00000000ede00000, 0x00000000ede00000, 0x00000000edf00000|  0%| F|  |TAMS 0x00000000ede00000, 0x00000000ede00000| Untracked 
| 223|0x00000000edf00000, 0x00000000edf00000, 0x00000000ee000000|  0%| F|  |TAMS 0x00000000edf00000, 0x00000000edf00000| Untracked 
| 224|0x00000000ee000000, 0x00000000ee000000, 0x00000000ee100000|  0%| F|  |TAMS 0x00000000ee000000, 0x00000000ee000000| Untracked 
| 225|0x00000000ee100000, 0x00000000ee100000, 0x00000000ee200000|  0%| F|  |TAMS 0x00000000ee100000, 0x00000000ee100000| Untracked 
| 226|0x00000000ee200000, 0x00000000ee200000, 0x00000000ee300000|  0%| F|  |TAMS 0x00000000ee200000, 0x00000000ee200000| Untracked 
| 227|0x00000000ee300000, 0x00000000ee300000, 0x00000000ee400000|  0%| F|  |TAMS 0x00000000ee300000, 0x00000000ee300000| Untracked 
| 228|0x00000000ee400000, 0x00000000ee400000, 0x00000000ee500000|  0%| F|  |TAMS 0x00000000ee400000, 0x00000000ee400000| Untracked 
| 229|0x00000000ee500000, 0x00000000ee500000, 0x00000000ee600000|  0%| F|  |TAMS 0x00000000ee500000, 0x00000000ee500000| Untracked 
| 230|0x00000000ee600000, 0x00000000ee600000, 0x00000000ee700000|  0%| F|  |TAMS 0x00000000ee600000, 0x00000000ee600000| Untracked 
| 231|0x00000000ee700000, 0x00000000ee700000, 0x00000000ee800000|  0%| F|  |TAMS 0x00000000ee700000, 0x00000000ee700000| Untracked 
| 232|0x00000000ee800000, 0x00000000ee800000, 0x00000000ee900000|  0%| F|  |TAMS 0x00000000ee800000, 0x00000000ee800000| Untracked 
| 233|0x00000000ee900000, 0x00000000ee900000, 0x00000000eea00000|  0%| F|  |TAMS 0x00000000ee900000, 0x00000000ee900000| Untracked 
| 234|0x00000000eea00000, 0x00000000eea00000, 0x00000000eeb00000|  0%| F|  |TAMS 0x00000000eea00000, 0x00000000eea00000| Untracked 
| 235|0x00000000eeb00000, 0x00000000eeb00000, 0x00000000eec00000|  0%| F|  |TAMS 0x00000000eeb00000, 0x00000000eeb00000| Untracked 
| 236|0x00000000eec00000, 0x00000000eec00000, 0x00000000eed00000|  0%| F|  |TAMS 0x00000000eec00000, 0x00000000eec00000| Untracked 
| 237|0x00000000eed00000, 0x00000000eee00000, 0x00000000eee00000|100%| S|CS|TAMS 0x00000000eed00000, 0x00000000eed00000| Complete 
| 238|0x00000000eee00000, 0x00000000eef00000, 0x00000000eef00000|100%| S|CS|TAMS 0x00000000eee00000, 0x00000000eee00000| Complete 
| 239|0x00000000eef00000, 0x00000000ef000000, 0x00000000ef000000|100%| S|CS|TAMS 0x00000000eef00000, 0x00000000eef00000| Complete 
| 240|0x00000000ef000000, 0x00000000ef000000, 0x00000000ef100000|  0%| F|  |TAMS 0x00000000ef000000, 0x00000000ef000000| Untracked 
| 241|0x00000000ef100000, 0x00000000ef100000, 0x00000000ef200000|  0%| F|  |TAMS 0x00000000ef100000, 0x00000000ef100000| Untracked 
| 242|0x00000000ef200000, 0x00000000ef200000, 0x00000000ef300000|  0%| F|  |TAMS 0x00000000ef200000, 0x00000000ef200000| Untracked 
| 243|0x00000000ef300000, 0x00000000ef300000, 0x00000000ef400000|  0%| F|  |TAMS 0x00000000ef300000, 0x00000000ef300000| Untracked 
| 244|0x00000000ef400000, 0x00000000ef400000, 0x00000000ef500000|  0%| F|  |TAMS 0x00000000ef400000, 0x00000000ef400000| Untracked 
| 245|0x00000000ef500000, 0x00000000ef500000, 0x00000000ef600000|  0%| F|  |TAMS 0x00000000ef500000, 0x00000000ef500000| Untracked 
| 246|0x00000000ef600000, 0x00000000ef700000, 0x00000000ef700000|100%| E|  |TAMS 0x00000000ef600000, 0x00000000ef600000| Complete 
| 247|0x00000000ef700000, 0x00000000ef800000, 0x00000000ef800000|100%| E|CS|TAMS 0x00000000ef700000, 0x00000000ef700000| Complete 
| 248|0x00000000ef800000, 0x00000000ef900000, 0x00000000ef900000|100%| E|CS|TAMS 0x00000000ef800000, 0x00000000ef800000| Complete 
| 249|0x00000000ef900000, 0x00000000efa00000, 0x00000000efa00000|100%| E|CS|TAMS 0x00000000ef900000, 0x00000000ef900000| Complete 
| 250|0x00000000efa00000, 0x00000000efb00000, 0x00000000efb00000|100%| E|CS|TAMS 0x00000000efa00000, 0x00000000efa00000| Complete 
| 251|0x00000000efb00000, 0x00000000efc00000, 0x00000000efc00000|100%| E|CS|TAMS 0x00000000efb00000, 0x00000000efb00000| Complete 
| 252|0x00000000efc00000, 0x00000000efd00000, 0x00000000efd00000|100%| E|CS|TAMS 0x00000000efc00000, 0x00000000efc00000| Complete 
| 253|0x00000000efd00000, 0x00000000efe00000, 0x00000000efe00000|100%| E|CS|TAMS 0x00000000efd00000, 0x00000000efd00000| Complete 

Card table byte_map: [0x000001ef38740000,0x000001ef38840000] _byte_map_base: 0x000001ef38040000

Marking Bits (Prev, Next): (CMBitMap*) 0x000001ef2065eba0, (CMBitMap*) 0x000001ef2065eb68
 Prev Bits: [0x000001ef39140000, 0x000001ef39940000)
 Next Bits: [0x000001ef38940000, 0x000001ef39140000)

Polling page: 0x000001ef1e5c0000

Metaspace:

Usage:
  Non-class:     21.68 MB capacity,    21.19 MB ( 98%) used,   426.20 KB (  2%) free+waste,    73.69 KB ( <1%) overhead. 
      Class:      2.92 MB capacity,     2.65 MB ( 91%) used,   243.74 KB (  8%) free+waste,    36.13 KB (  1%) overhead. 
       Both:     24.60 MB capacity,    23.84 MB ( 97%) used,   669.94 KB (  3%) free+waste,   109.81 KB ( <1%) overhead. 

Virtual space:
  Non-class space:       22.00 MB reserved,      21.75 MB ( 99%) committed 
      Class space:        1.00 GB reserved,       3.00 MB ( <1%) committed 
             Both:        1.02 GB reserved,      24.75 MB (  2%) committed 

Chunk freelists:
   Non-Class:  5.00 KB
       Class:  16.00 KB
        Both:  21.00 KB

MaxMetaspaceSize: 17179869184.00 GB
CompressedClassSpaceSize: 1.00 GB
Initial GC threshold: 20.80 MB
Current GC threshold: 35.00 MB
CDS: off

CodeHeap 'non-profiled nmethods': size=119168Kb used=765Kb max_used=765Kb free=118403Kb
 bounds [0x000001ef30940000, 0x000001ef30bb0000, 0x000001ef37da0000]
CodeHeap 'profiled nmethods': size=119168Kb used=4883Kb max_used=4883Kb free=114284Kb
 bounds [0x000001ef294e0000, 0x000001ef299b0000, 0x000001ef30940000]
CodeHeap 'non-nmethods': size=7424Kb used=2865Kb max_used=2882Kb free=4558Kb
 bounds [0x000001ef28da0000, 0x000001ef29080000, 0x000001ef294e0000]
 total_blobs=2619 nmethods=2175 adapters=353
 compilation: enabled
              stopped_count=0, restarted_count=0
 full_count=0

Compilation events (20 events):
Event: 1.650 Thread 0x000001ef3d1b4000 2147       4       jdk.internal.jimage.ImageLocation::decompress (153 bytes)
Event: 1.652 Thread 0x000001ef3de1d000 2150       3       java.lang.String::startsWith (138 bytes)
Event: 1.652 Thread 0x000001ef3dc02000 2151       3       java.lang.StringUTF16::compress (50 bytes)
Event: 1.652 Thread 0x000001ef3d1b5000 2153       3       java.lang.String::contains (19 bytes)
Event: 1.652 Thread 0x000001ef3dc02000 nmethod 2151 0x000001ef29973e10 code [0x000001ef29973fe0, 0x000001ef29974218]
Event: 1.652 Thread 0x000001ef3d1b5000 nmethod 2153 0x000001ef29974390 code [0x000001ef29974560, 0x000001ef299747b8]
Event: 1.653 Thread 0x000001ef3de1d000 nmethod 2150 0x000001ef29974890 code [0x000001ef29974ac0, 0x000001ef29975478]
Event: 1.653 Thread 0x000001ef3d1b4000 nmethod 2147 0x000001ef309fb690 code [0x000001ef309fb840, 0x000001ef309fbab8]
Event: 1.653 Thread 0x000001ef3d1b4000 2152   !   4       java.io.BufferedReader::readLine (304 bytes)
Event: 1.654 Thread 0x000001ef3d33c000 2155 %     3       sun.nio.cs.UTF_8$Decoder::decodeArrayLoop @ 73 (691 bytes)
Event: 1.654 Thread 0x000001ef3dc02000 2156       3       java.lang.AbstractStringBuilder::append (33 bytes)
Event: 1.654 Thread 0x000001ef3dc02000 nmethod 2156 0x000001ef29975790 code [0x000001ef29975960, 0x000001ef29975b48]
Event: 1.656 Thread 0x000001ef3d1b5000 2158       3       java.nio.charset.CoderResult::isUnderflow (13 bytes)
Event: 1.656 Thread 0x000001ef3d1b5000 nmethod 2158 0x000001ef29975c90 code [0x000001ef29975e40, 0x000001ef29975f98]
Event: 1.656 Thread 0x000001ef3de1d000 2159       3       sun.nio.cs.UTF_8$Decoder::isNotContinuation (17 bytes)
Event: 1.656 Thread 0x000001ef3de1d000 nmethod 2159 0x000001ef29976010 code [0x000001ef299761c0, 0x000001ef299762f8]
Event: 1.657 Thread 0x000001ef3d33c000 nmethod 2155% 0x000001ef29976390 code [0x000001ef29976d20, 0x000001ef2997cc28]
Event: 1.657 Thread 0x000001ef3dc02000 2161 %     3       sun.nio.cs.UTF_8$Decoder::decodeArrayLoop @ 106 (691 bytes)
Event: 1.657 Thread 0x000001ef3d1b5000 2162       3       sun.nio.cs.UTF_8$Decoder::isMalformed3 (45 bytes)
Event: 1.657 Thread 0x000001ef3d1b5000 nmethod 2162 0x000001ef2997e990 code [0x000001ef2997eb40, 0x000001ef2997ed58]

GC Heap History (6 events):
Event: 0.966 GC heap before
{Heap before GC invocations=0 (full 0):
 garbage-first heap   total 260096K, used 23552K [0x00000000e0000000, 0x0000000100000000)
  region size 1024K, 24 young (24576K), 0 survivors (0K)
 Metaspace       used 13287K, capacity 13591K, committed 13824K, reserved 1060864K
  class space    used 1379K, capacity 1479K, committed 1536K, reserved 1048576K
}
Event: 0.969 GC heap after
{Heap after GC invocations=1 (full 0):
 garbage-first heap   total 260096K, used 7611K [0x00000000e0000000, 0x0000000100000000)
  region size 1024K, 3 young (3072K), 3 survivors (3072K)
 Metaspace       used 13287K, capacity 13591K, committed 13824K, reserved 1060864K
  class space    used 1379K, capacity 1479K, committed 1536K, reserved 1048576K
}
Event: 1.397 GC heap before
{Heap before GC invocations=1 (full 0):
 garbage-first heap   total 260096K, used 42427K [0x00000000e0000000, 0x0000000100000000)
  region size 1024K, 38 young (38912K), 3 survivors (3072K)
 Metaspace       used 20487K, capacity 21183K, committed 21248K, reserved 1069056K
  class space    used 2282K, capacity 2531K, committed 2560K, reserved 1048576K
}
Event: 1.400 GC heap after
{Heap after GC invocations=2 (full 0):
 garbage-first heap   total 260096K, used 8845K [0x00000000e0000000, 0x0000000100000000)
  region size 1024K, 5 young (5120K), 5 survivors (5120K)
 Metaspace       used 20487K, capacity 21183K, committed 21248K, reserved 1069056K
  class space    used 2282K, capacity 2531K, committed 2560K, reserved 1048576K
}
Event: 1.598 GC heap before
{Heap before GC invocations=3 (full 0):
 garbage-first heap   total 260096K, used 23181K [0x00000000e0000000, 0x0000000100000000)
  region size 1024K, 19 young (19456K), 5 survivors (5120K)
 Metaspace       used 23714K, capacity 24444K, committed 24704K, reserved 1071104K
  class space    used 2611K, capacity 2891K, committed 2944K, reserved 1048576K
}
Event: 1.601 GC heap after
{Heap after GC invocations=4 (full 0):
 garbage-first heap   total 260096K, used 10772K [0x00000000e0000000, 0x0000000100000000)
  region size 1024K, 3 young (3072K), 3 survivors (3072K)
 Metaspace       used 23714K, capacity 24444K, committed 24704K, reserved 1071104K
  class space    used 2611K, capacity 2891K, committed 2944K, reserved 1048576K
}

Deoptimization events (20 events):
Event: 1.549 Thread 0x000001ef20634000 DEOPT PACKING pc=0x000001ef309d0fd0 sp=0x000000ab661f8cb0
Event: 1.549 Thread 0x000001ef20634000 DEOPT UNPACKING pc=0x000001ef28dea1af sp=0x000000ab661f8c68 mode 2
Event: 1.554 Thread 0x000001ef20634000 DEOPT PACKING pc=0x000001ef2989a676 sp=0x000000ab661f78f0
Event: 1.554 Thread 0x000001ef20634000 DEOPT UNPACKING pc=0x000001ef28dea95e sp=0x000000ab661f6e10 mode 0
Event: 1.561 Thread 0x000001ef20634000 Uncommon trap: trap_request=0xffffff4d fr.pc=0x000001ef309d7f7c relative=0x000000000000069c
Event: 1.561 Thread 0x000001ef20634000 Uncommon trap: reason=unstable_if action=reinterpret pc=0x000001ef309d7f7c method=java.lang.StringLatin1.regionMatchesCI([BI[BII)Z @ 66 c2
Event: 1.561 Thread 0x000001ef20634000 DEOPT PACKING pc=0x000001ef309d7f7c sp=0x000000ab661f5950
Event: 1.561 Thread 0x000001ef20634000 DEOPT UNPACKING pc=0x000001ef28dea1af sp=0x000000ab661f5820 mode 2
Event: 1.564 Thread 0x000001ef20634000 DEOPT PACKING pc=0x000001ef295c4064 sp=0x000000ab661f7410
Event: 1.564 Thread 0x000001ef20634000 DEOPT UNPACKING pc=0x000001ef28dea95e sp=0x000000ab661f68d8 mode 0
Event: 1.569 Thread 0x000001ef20634000 DEOPT PACKING pc=0x000001ef2989a676 sp=0x000000ab661f6a50
Event: 1.569 Thread 0x000001ef20634000 DEOPT UNPACKING pc=0x000001ef28dea95e sp=0x000000ab661f5f70 mode 0
Event: 1.652 Thread 0x000001ef20634000 Uncommon trap: trap_request=0xffffff4d fr.pc=0x000001ef30978614 relative=0x00000000000002f4
Event: 1.652 Thread 0x000001ef20634000 Uncommon trap: reason=unstable_if action=reinterpret pc=0x000001ef30978614 method=java.lang.StringUTF16.compress([CI[BII)I @ 20 c2
Event: 1.652 Thread 0x000001ef20634000 DEOPT PACKING pc=0x000001ef30978614 sp=0x000000ab661fa4d0
Event: 1.652 Thread 0x000001ef20634000 DEOPT UNPACKING pc=0x000001ef28dea1af sp=0x000000ab661fa450 mode 2
Event: 1.652 Thread 0x000001ef20634000 Uncommon trap: trap_request=0xffffff4d fr.pc=0x000001ef309835e4 relative=0x00000000000001c4
Event: 1.652 Thread 0x000001ef20634000 Uncommon trap: reason=unstable_if action=reinterpret pc=0x000001ef309835e4 method=java.lang.String.startsWith(Ljava/lang/String;I)Z @ 46 c2
Event: 1.652 Thread 0x000001ef20634000 DEOPT PACKING pc=0x000001ef309835e4 sp=0x000000ab661fa6b0
Event: 1.652 Thread 0x000001ef20634000 DEOPT UNPACKING pc=0x000001ef28dea1af sp=0x000000ab661fa618 mode 2

Classes redefined (0 events):
No events

Internal exceptions (20 events):
Event: 1.073 Thread 0x000001ef20634000 Exception <a 'java/lang/NoSuchMethodError'{0x00000000ef6ba538}: 'void java.lang.invoke.DirectMethodHandle$Holder.invokeSpecial(java.lang.Object, java.lang.Object, java.lang.Object, java.lang.Object, java.lang.Object)'> (0x00000000ef6ba538) thrown at [./src/hotspot/share/interpreter/linkResolver.cpp, line 773]
Event: 1.086 Thread 0x000001ef20634000 Exception <a 'java/lang/NoSuchMethodError'{0x00000000ef597258}: 'void java.lang.invoke.DirectMethodHandle$Holder.invokeInterface(java.lang.Object, java.lang.Object, java.lang.Object, java.lang.Object)'> (0x00000000ef597258) thrown at [./src/hotspot/share/interpreter/linkResolver.cpp, line 773]
Event: 1.086 Thread 0x000001ef20634000 Exception <a 'java/lang/IncompatibleClassChangeError'{0x00000000ef59a2c0}: Found class java.lang.Object, but interface was expected> (0x00000000ef59a2c0) thrown at [./src/hotspot/share/interpreter/linkResolver.cpp, line 839]
Event: 1.088 Thread 0x000001ef20634000 Exception <a 'java/lang/NoSuchMethodError'{0x00000000ef5bebc0}: 'void java.lang.invoke.DirectMethodHandle$Holder.invokeStatic(java.lang.Object, java.lang.Object, java.lang.Object, java.lang.Object)'> (0x00000000ef5bebc0) thrown at [./src/hotspot/share/interpreter/linkResolver.cpp, line 773]
Event: 1.094 Thread 0x000001ef20634000 Exception <a 'java/lang/NoSuchMethodError'{0x00000000ef45cf38}: 'int java.lang.invoke.DirectMethodHandle$Holder.invokeStatic(java.lang.Object, java.lang.Object, java.lang.Object, java.lang.Object, java.lang.Object)'> (0x00000000ef45cf38) thrown at [./src/hotspot/share/interpreter/linkResolver.cpp, line 773]
Event: 1.099 Thread 0x000001ef20634000 Exception <a 'java/lang/NoSuchMethodError'{0x00000000ef4babd0}: 'void java.lang.invoke.DirectMethodHandle$Holder.invokeStaticInit(java.lang.Object)'> (0x00000000ef4babd0) thrown at [./src/hotspot/share/interpreter/linkResolver.cpp, line 773]
Event: 1.103 Thread 0x000001ef20634000 Exception <a 'java/lang/NoSuchMethodError'{0x00000000ef4f8520}: 'void java.lang.invoke.DirectMethodHandle$Holder.invokeSpecial(java.lang.Object, java.lang.Object)'> (0x00000000ef4f8520) thrown at [./src/hotspot/share/interpreter/linkResolver.cpp, line 773]
Event: 1.118 Thread 0x000001ef20634000 Exception <a 'java/lang/NoSuchMethodError'{0x00000000ef3d3cf0}: 'int java.lang.invoke.DirectMethodHandle$Holder.invokeStaticInit(java.lang.Object, java.lang.Object)'> (0x00000000ef3d3cf0) thrown at [./src/hotspot/share/interpreter/linkResolver.cpp, line 773]
Event: 1.134 Thread 0x000001ef20634000 Exception <a 'java/lang/NoSuchMethodError'{0x00000000ef104f70}: 'java.lang.Object java.lang.invoke.DirectMethodHandle$Holder.invokeVirtual(java.lang.Object, java.lang.Object, java.lang.Object)'> (0x00000000ef104f70) thrown at [./src/hotspot/share/interpreter/linkResolver.cpp, line 773]
Event: 1.137 Thread 0x000001ef20634000 Exception <a 'java/lang/IncompatibleClassChangeError'{0x00000000ef14e928}: Found class java.lang.Object, but interface was expected> (0x00000000ef14e928) thrown at [./src/hotspot/share/interpreter/linkResolver.cpp, line 839]
Event: 1.316 Thread 0x000001ef20634000 Exception <a 'java/lang/NoSuchMethodError'{0x00000000edc54390}: 'void java.lang.invoke.DirectMethodHandle$Holder.invokeStatic(java.lang.Object, java.lang.Object, java.lang.Object, java.lang.Object, java.lang.Object)'> (0x00000000edc54390) thrown at [./src/hotspot/share/interpreter/linkResolver.cpp, line 773]
Event: 1.318 Thread 0x000001ef20634000 Exception <a 'java/lang/NoSuchMethodError'{0x00000000edc62a80}: 'java.lang.Object java.lang.invoke.Invokers$Holder.linkToTargetMethod(java.lang.Object, java.lang.Object, java.lang.Object, java.lang.Object, java.lang.Object, java.lang.Object, java.lang.Object)'> (0x00000000edc62a80) thrown at [./src/hotspot/share/interpreter/linkResolver.cpp, line 773]
Event: 1.319 Thread 0x000001ef20634000 Exception <a 'java/lang/NoSuchMethodError'{0x00000000edc73598}: 'java.lang.Object java.lang.invoke.DirectMethodHandle$Holder.invokeInterface(java.lang.Object, java.lang.Object, java.lang.Object, java.lang.Object, java.lang.Object)'> (0x00000000edc73598) thrown at [./src/hotspot/share/interpreter/linkResolver.cpp, line 773]
Event: 1.319 Thread 0x000001ef20634000 Exception <a 'java/lang/IncompatibleClassChangeError'{0x00000000edc76cf0}: Found class java.lang.Object, but interface was expected> (0x00000000edc76cf0) thrown at [./src/hotspot/share/interpreter/linkResolver.cpp, line 839]
Event: 1.322 Thread 0x000001ef20634000 Exception <a 'java/lang/IncompatibleClassChangeError'{0x00000000edcb0158}: Found class java.lang.Object, but interface was expected> (0x00000000edcb0158) thrown at [./src/hotspot/share/interpreter/linkResolver.cpp, line 839]
Event: 1.392 Thread 0x000001ef20634000 Exception <a 'java/lang/NoSuchMethodError'{0x00000000ed89ac78}: 'void java.lang.invoke.DirectMethodHandle$Holder.invokeStatic(java.lang.Object, java.lang.Object, java.lang.Object, java.lang.Object, java.lang.Object, java.lang.Object)'> (0x00000000ed89ac78) thrown at [./src/hotspot/share/interpreter/linkResolver.cpp, line 773]
Event: 1.557 Thread 0x000001ef20634000 Exception <a 'sun/nio/fs/WindowsException'{0x00000000ef2c1b88}> (0x00000000ef2c1b88) thrown at [./src/hotspot/share/prims/jni.cpp, line 617]
Event: 1.566 Thread 0x000001ef20634000 Exception <a 'java/lang/NoSuchMethodError'{0x00000000ef2e6e08}: 'int java.lang.invoke.DirectMethodHandle$Holder.invokeStaticInit(java.lang.Object, java.lang.Object, java.lang.Object, java.lang.Object)'> (0x00000000ef2e6e08) thrown at [./src/hotspot/share/interpreter/linkResolver.cpp, line 773]
Event: 1.567 Thread 0x000001ef20634000 Exception <a 'java/lang/IncompatibleClassChangeError'{0x00000000ef2f00c0}: Found class java.lang.Object, but interface was expected> (0x00000000ef2f00c0) thrown at [./src/hotspot/share/interpreter/linkResolver.cpp, line 839]
Event: 1.567 Thread 0x000001ef20634000 Exception <a 'java/lang/NoSuchMethodError'{0x00000000ef2f39f0}: 'void java.lang.invoke.DirectMethodHandle$Holder.invokeStaticInit(java.lang.Object, java.lang.Object)'> (0x00000000ef2f39f0) thrown at [./src/hotspot/share/interpreter/linkResolver.cpp, line 773]

Events (20 events):
Event: 1.648 loading class org/apache/hc/client5/http/impl/auth/NTLMSchemeFactory
Event: 1.648 loading class org/apache/hc/client5/http/impl/auth/NTLMSchemeFactory done
Event: 1.648 loading class org/apache/hc/client5/http/impl/auth/SPNegoSchemeFactory
Event: 1.648 loading class org/apache/hc/client5/http/impl/auth/SPNegoSchemeFactory done
Event: 1.649 loading class org/apache/hc/client5/http/auth/KerberosConfig
Event: 1.649 loading class org/apache/hc/client5/http/auth/KerberosConfig done
Event: 1.649 loading class org/apache/hc/client5/http/auth/KerberosConfig$Builder
Event: 1.649 loading class org/apache/hc/client5/http/auth/KerberosConfig$Builder done
Event: 1.649 loading class org/apache/hc/client5/http/auth/KerberosConfig$Option
Event: 1.649 loading class org/apache/hc/client5/http/auth/KerberosConfig$Option done
Event: 1.649 loading class org/apache/hc/client5/http/impl/auth/KerberosSchemeFactory
Event: 1.649 loading class org/apache/hc/client5/http/impl/auth/KerberosSchemeFactory done
Event: 1.649 loading class org/apache/hc/client5/http/impl/CookieSpecSupport
Event: 1.649 loading class org/apache/hc/client5/http/impl/CookieSpecSupport done
Event: 1.650 loading class org/apache/hc/client5/http/psl/PublicSuffixMatcherLoader
Event: 1.650 loading class org/apache/hc/client5/http/psl/PublicSuffixMatcherLoader done
Event: 1.650 loading class org/apache/hc/client5/http/psl/PublicSuffixListParser
Event: 1.650 loading class org/apache/hc/client5/http/psl/PublicSuffixListParser done
Event: 1.651 loading class org/apache/hc/client5/http/psl/DomainType
Event: 1.651 loading class org/apache/hc/client5/http/psl/DomainType done


Dynamic libraries:
0x00007ff7c90c0000 - 0x00007ff7c90cd000 	C:\Users\G512\.jdks\corretto-11.0.17\bin\java.exe
0x00007ffc33890000 - 0x00007ffc33aa4000 	C:\WINDOWS\SYSTEM32\ntdll.dll
0x00007ffc31df0000 - 0x00007ffc31eb2000 	C:\WINDOWS\System32\KERNEL32.DLL
0x00007ffc31040000 - 0x00007ffc313e3000 	C:\WINDOWS\System32\KERNELBASE.dll
0x00007ffc30e00000 - 0x00007ffc30f11000 	C:\WINDOWS\System32\ucrtbase.dll
0x00007ffc09150000 - 0x00007ffc09167000 	C:\Users\G512\.jdks\corretto-11.0.17\bin\jli.dll
0x00007ffc0d590000 - 0x00007ffc0d5a9000 	C:\Users\G512\.jdks\corretto-11.0.17\bin\VCRUNTIME140.dll
0x00007ffc31ef0000 - 0x00007ffc3209a000 	C:\WINDOWS\System32\USER32.dll
0x00007ffc16080000 - 0x00007ffc1630e000 	C:\WINDOWS\WinSxS\amd64_microsoft.windows.common-controls_6595b64144ccf1df_6.0.22621.1635_none_270f70857386168e\COMCTL32.dll
0x00007ffc31520000 - 0x00007ffc31546000 	C:\WINDOWS\System32\win32u.dll
0x00007ffc32630000 - 0x00007ffc326d7000 	C:\WINDOWS\System32\msvcrt.dll
0x00007ffc319c0000 - 0x00007ffc319e9000 	C:\WINDOWS\System32\GDI32.dll
0x00007ffc30f20000 - 0x00007ffc31039000 	C:\WINDOWS\System32\gdi32full.dll
0x00007ffc31550000 - 0x00007ffc315ea000 	C:\WINDOWS\System32\msvcp_win.dll
0x00007ffc31670000 - 0x00007ffc316a1000 	C:\WINDOWS\System32\IMM32.DLL
0x00007ffbd1850000 - 0x00007ffbd18eb000 	C:\Users\G512\.jdks\corretto-11.0.17\bin\msvcp140.dll
0x00007ffba2830000 - 0x00007ffba33b5000 	C:\Users\G512\.jdks\corretto-11.0.17\bin\server\jvm.dll
0x00007ffc317b0000 - 0x00007ffc3185e000 	C:\WINDOWS\System32\ADVAPI32.dll
0x00007ffc31880000 - 0x00007ffc31924000 	C:\WINDOWS\System32\sechost.dll
0x00007ffc31b90000 - 0x00007ffc31ca7000 	C:\WINDOWS\System32\RPCRT4.dll
0x00007ffc32840000 - 0x00007ffc32848000 	C:\WINDOWS\System32\PSAPI.DLL
0x00007ffc18800000 - 0x00007ffc18834000 	C:\WINDOWS\SYSTEM32\WINMM.dll
0x00007ffc25120000 - 0x00007ffc2512a000 	C:\WINDOWS\SYSTEM32\VERSION.dll
0x00007ffc16000000 - 0x00007ffc16009000 	C:\WINDOWS\SYSTEM32\WSOCK32.dll
0x00007ffc33610000 - 0x00007ffc33681000 	C:\WINDOWS\System32\WS2_32.dll
0x00007ffc2fd80000 - 0x00007ffc2fd98000 	C:\WINDOWS\SYSTEM32\kernel.appcore.dll
0x00007ffc18c40000 - 0x00007ffc18c50000 	C:\Users\G512\.jdks\corretto-11.0.17\bin\verify.dll
0x00007ffc2e170000 - 0x00007ffc2e39e000 	C:\WINDOWS\SYSTEM32\DBGHELP.DLL
0x00007ffc33200000 - 0x00007ffc33589000 	C:\WINDOWS\System32\combase.dll
0x00007ffc31d10000 - 0x00007ffc31de7000 	C:\WINDOWS\System32\OLEAUT32.dll
0x00007ffc230d0000 - 0x00007ffc23102000 	C:\WINDOWS\SYSTEM32\dbgcore.DLL
0x00007ffc315f0000 - 0x00007ffc3166a000 	C:\WINDOWS\System32\bcryptPrimitives.dll
0x00007ffbf9c90000 - 0x00007ffbf9cb8000 	C:\Users\G512\.jdks\corretto-11.0.17\bin\java.dll
0x00007ffc18840000 - 0x00007ffc1884a000 	C:\Users\G512\.jdks\corretto-11.0.17\bin\jimage.dll
0x00007ffbfaee0000 - 0x00007ffbfaef8000 	C:\Users\G512\.jdks\corretto-11.0.17\bin\zip.dll
0x00007ffc32990000 - 0x00007ffc33189000 	C:\WINDOWS\System32\SHELL32.dll
0x00007ffc2ec40000 - 0x00007ffc2f50e000 	C:\WINDOWS\SYSTEM32\windows.storage.dll
0x00007ffc2eb00000 - 0x00007ffc2ec3e000 	C:\WINDOWS\SYSTEM32\wintypes.dll
0x00007ffc32740000 - 0x00007ffc32831000 	C:\WINDOWS\System32\SHCORE.dll
0x00007ffc326e0000 - 0x00007ffc3273e000 	C:\WINDOWS\System32\shlwapi.dll
0x00007ffc30bc0000 - 0x00007ffc30be6000 	C:\WINDOWS\SYSTEM32\profapi.dll
0x00007ffbf9640000 - 0x00007ffbf9659000 	C:\Users\G512\.jdks\corretto-11.0.17\bin\net.dll
0x00007ffc27b20000 - 0x00007ffc27c57000 	C:\WINDOWS\SYSTEM32\WINHTTP.dll
0x00007ffc301f0000 - 0x00007ffc30259000 	C:\WINDOWS\system32\mswsock.dll
0x00007ffbf9510000 - 0x00007ffbf9523000 	C:\Users\G512\.jdks\corretto-11.0.17\bin\nio.dll
0x00007ffc30510000 - 0x00007ffc3052b000 	C:\WINDOWS\SYSTEM32\CRYPTSP.dll
0x00007ffc2fcf0000 - 0x00007ffc2fd25000 	C:\WINDOWS\system32\rsaenh.dll
0x00007ffc30290000 - 0x00007ffc302bc000 	C:\WINDOWS\SYSTEM32\USERENV.dll
0x00007ffc30640000 - 0x00007ffc30668000 	C:\WINDOWS\SYSTEM32\bcrypt.dll
0x00007ffc304f0000 - 0x00007ffc304fc000 	C:\WINDOWS\SYSTEM32\CRYPTBASE.dll
0x00007ffc2f760000 - 0x00007ffc2f78d000 	C:\WINDOWS\SYSTEM32\IPHLPAPI.DLL
0x00007ffc32850000 - 0x00007ffc32859000 	C:\WINDOWS\System32\NSI.dll
0x00007ffc25db0000 - 0x00007ffc25dc9000 	C:\WINDOWS\SYSTEM32\dhcpcsvc6.DLL
0x00007ffc25d40000 - 0x00007ffc25d5f000 	C:\WINDOWS\SYSTEM32\dhcpcsvc.DLL
0x00007ffc2f790000 - 0x00007ffc2f883000 	C:\WINDOWS\SYSTEM32\DNSAPI.dll
0x00007ffbe24b0000 - 0x00007ffbe24c7000 	C:\WINDOWS\system32\napinsp.dll
0x00007ffbe2490000 - 0x00007ffbe24ab000 	C:\WINDOWS\system32\pnrpnsp.dll
0x00007ffbe2470000 - 0x00007ffbe2481000 	C:\WINDOWS\System32\winrnr.dll
0x00007ffc25c30000 - 0x00007ffc25c45000 	C:\WINDOWS\system32\wshbth.dll
0x00007ffbe2440000 - 0x00007ffbe2461000 	C:\WINDOWS\system32\nlansp_c.dll
0x0000000071280000 - 0x00000000712a6000 	C:\Program Files\Bonjour\mdnsNSP.dll
0x00007ffc24740000 - 0x00007ffc2474a000 	C:\Windows\System32\rasadhlp.dll
0x00007ffc25400000 - 0x00007ffc25484000 	C:\WINDOWS\System32\fwpuclnt.dll
0x00007ffc29170000 - 0x00007ffc29179000 	C:\Users\G512\.jdks\corretto-11.0.17\bin\management.dll
0x00007ffc25600000 - 0x00007ffc2560b000 	C:\Users\G512\.jdks\corretto-11.0.17\bin\management_ext.dll
0x00007ffc25e90000 - 0x00007ffc25e9e000 	C:\Users\G512\.jdks\corretto-11.0.17\bin\sunmscapi.dll
0x00007ffc30c90000 - 0x00007ffc30df7000 	C:\WINDOWS\System32\CRYPT32.dll
0x00007ffc30610000 - 0x00007ffc3063e000 	C:\WINDOWS\SYSTEM32\ncrypt.dll
0x00007ffc305d0000 - 0x00007ffc30607000 	C:\WINDOWS\SYSTEM32\NTASN1.dll
0x00007ffc1b270000 - 0x00007ffc1b295000 	C:\Users\G512\.jdks\corretto-11.0.17\bin\sunec.dll

dbghelp: loaded successfully - version: 4.0.5 - missing functions: none
symbol engine: initialized successfully - sym options: 0x614 - pdb path: .;C:\Users\G512\.jdks\corretto-11.0.17\bin;C:\WINDOWS\SYSTEM32;C:\WINDOWS\WinSxS\amd64_microsoft.windows.common-controls_6595b64144ccf1df_6.0.22621.1635_none_270f70857386168e;C:\Users\G512\.jdks\corretto-11.0.17\bin\server;C:\Program Files\Bonjour

VM Arguments:
jvm_args: -Ddb.password=pass -Ddb.url=jdbc:mysql://localhost:3306/app -Ddb.user=app -Dorg.gradle.internal.worker.tmpdir=D:\education\AQA-qamid-diplom\AQA-qamid-diplom\build\tmp\test\work -Dorg.gradle.native=false -Dselenide.headless -Dsut.url=http://localhost:8080/ --add-opens=java.base/java.util=ALL-UNNAMED --add-opens=java.base/java.lang=ALL-UNNAMED -Xmx512m -Dfile.encoding=windows-1251 -Duser.country=RU -Duser.language=ru -Duser.variant -ea 
java_command: worker.org.gradle.process.internal.worker.GradleWorkerMain 'Gradle Test Executor 65'
java_class_path (initial): C:\\Users\\G512\\.gradle\\caches\\7.4\\workerMain\\gradle-worker.jar;D:\\education\\AQA-qamid-diplom\\AQA-qamid-diplom\\build\\classes\\java\\test;C:\\Users\\G512\\.gradle\\caches\\modules-2\\files-2.1\\org.junit.jupiter\\junit-jupiter-params\\5.9.2\\bc2765afb7b85b583c710dd259a11c6b8c39e912\\junit-jupiter-params-5.9.2.jar;C:\\Users\\G512\\.gradle\\caches\\modules-2\\files-2.1\\org.junit.jupiter\\junit-jupiter-engine\\5.9.2\\572f7a553b53f83ee59cc045ce1c3772864ab76c\\junit-jupiter-engine-5.9.2.jar;C:\\Users\\G512\\.gradle\\caches\\modules-2\\files-2.1\\org.junit.jupiter\\junit-jupiter-api\\5.9.2\\fed843581520eac594bc36bb4b0f55e7b947dda9\\junit-jupiter-api-5.9.2.jar;C:\\Users\\G512\\.gradle\\caches\\modules-2\\files-2.1\\org.junit.platform\\junit-platform-engine\\1.9.2\\40aeef2be7b04f96bb91e8b054affc28b7c7c935\\junit-platform-engine-1.9.2.jar;C:\\Users\\G512\\.gradle\\caches\\modules-2\\files-2.1\\org.junit.platform\\junit-platform-commons\\1.9.2\\6f9f8621d8230cd38aa42e58ccbc0c00569131ce\\junit-platform-commons-1.9.2.jar;C:\\Users\\G512\\.gradle\\caches\\modules-2\\files-2.1\\org.junit.jupiter\\junit-jupiter\\5.9.2\\26c586fbe0ebd81b48c9f11f0d998124248697ae\\junit-jupiter-5.9.2.jar;C:\\Users\\G512\\.gradle\\caches\\modules-2\\files-2.1\\org.testng\\testng\\7.7.0\\5298a6662b94d9ee438b95a2d44ea3ac6ce2cb8e\\testng-7.7.0.jar;C:\\Users\\G512\\.gradle\\caches\\modules-2\\files-2.1\\org.projectlombok\\lombok\\1.18.26\\8f8cf0372abf564913e9796623aac4c8ea44025a\\lombok-1.18.26.jar;C:\\Users\\G512\\.gradle\\caches\\modules-2\\files-2.1\\com.codeborne\\selenide\\6.12.3\\9f68e76f0c05f176411a41296694ee7611ba8a2f\\selenide-6.12.3.jar;C:\\Users\\G512\\.gradle\\caches\\modules-2\\files-2.1\\com.github.javafaker\\javafaker\\1.0.2\\be0ff271b1208416822db4438864df47f90af92f\\javafaker-1.0.2.jar;C:\\Users\\G512\\.gradle\\caches\\modules-2\\files-2.1\\io.rest-assured\\rest-assured\\5.3.0\\8d59681728713ee2f029d1d30781ec4f181b1687\\rest-assured-5.3.0.jar;C:\\Users\\
Launcher Type: SUN_STANDARD

[Global flags]
     intx CICompilerCount                          = 12                                        {product} {ergonomic}
     uint ConcGCThreads                            = 3                                         {product} {ergonomic}
     uint G1ConcRefinementThreads                  = 13                                        {product} {ergonomic}
   size_t G1HeapRegionSize                         = 1048576                                   {product} {ergonomic}
    uintx GCDrainStackTargetSize                   = 64                                        {product} {ergonomic}
   size_t InitialHeapSize                          = 266338304                                 {product} {ergonomic}
   size_t MarkStackSize                            = 4194304                                   {product} {ergonomic}
   size_t MaxHeapSize                              = 536870912                                 {product} {command line}
   size_t MaxNewSize                               = 321912832                                 {product} {ergonomic}
   size_t MinHeapDeltaBytes                        = 1048576                                   {product} {ergonomic}
    uintx NonNMethodCodeHeapSize                   = 7594288                                {pd product} {ergonomic}
    uintx NonProfiledCodeHeapSize                  = 122031976                              {pd product} {ergonomic}
    uintx ProfiledCodeHeapSize                     = 122031976                              {pd product} {ergonomic}
    uintx ReservedCodeCacheSize                    = 251658240                              {pd product} {ergonomic}
     bool SegmentedCodeCache                       = true                                      {product} {ergonomic}
     bool UseCompressedClassPointers               = true                                 {lp64_product} {ergonomic}
     bool UseCompressedOops                        = true                                 {lp64_product} {ergonomic}
     bool UseG1GC                                  = true                                      {product} {ergonomic}
     bool UseLargePagesIndividualAllocation        = false                                  {pd product} {ergonomic}

Logging:
Log output configuration:
 #0: stdout all=warning uptime,level,tags
 #1: stderr all=off uptime,level,tags

Environment Variables:
PATH=C:\java\bin;C:\WINDOWS\system32;C:\WINDOWS;C:\WINDOWS\System32\Wbem;C:\WINDOWS\System32\WindowsPowerShell\v1.0\;C:\WINDOWS\System32\OpenSSH\;C:\Program Files (x86)\NVIDIA Corporation\PhysX\Common;C:\WINDOWS\system32;C:\WINDOWS;C:\WINDOWS\System32\Wbem;C:\WINDOWS\System32\WindowsPowerShell\v1.0\;C:\WINDOWS\System32\OpenSSH\;C:\Program Files\dotnet\;C:\Program Files\Git\cmd;C:\Program Files\NVIDIA Corporation\NVIDIA NvDLISR;C:\Program Files\PowerShell\7\;C:\Program Files\Docker\Docker\resources\bin;C:\Users\G512\AppData\Local\Microsoft\WindowsApps;;C:\Users\G512\AppData\Local\Programs\Microsoft VS Code\bin;C:\Program Files\JetBrains\IntelliJ IDEA Community Edition 2022.2.3\bin;
USERNAME=G512
OS=Windows_NT
PROCESSOR_IDENTIFIER=Intel64 Family 6 Model 165 Stepping 2, GenuineIntel
TMP=C:\Users\G512\AppData\Local\Temp
TEMP=C:\Users\G512\AppData\Local\Temp



---------------  S Y S T E M  ---------------

OS: Windows 11 , 64 bit Build 22621 (10.0.22621.1928)
OS uptime: 6 days 22:50 hours
Hyper-V role detected

CPU:total 16 (initial active 16) (8 cores per cpu, 2 threads per core) family 6 model 165 stepping 2 microcode 0xe0, cmov, cx8, fxsr, mmx, sse, sse2, sse3, ssse3, sse4.1, sse4.2, popcnt, avx, avx2, aes, clmul, erms, 3dnowpref, lzcnt, ht, tsc, tscinvbit, bmi1, bmi2, adx, fma

Memory: 4k page, system-wide physical 16168M (409M free)
TotalPageFile size 46552M (AvailPageFile size 32M)
current process WorkingSet (physical memory assigned to process): 145M, peak: 145M
current process commit charge ("private bytes"): 400M, peak: 400M

vm_info: OpenJDK 64-Bit Server VM (11.0.17+8-LTS) for windows-amd64 JRE (11.0.17+8-LTS), built on Oct 14 2022 18:02:01 by "Administrator" with MS VC++ 15.9 (VS2017)

END.
