#
# There is insufficient memory for the Java Runtime Environment to continue.
# Native memory allocation (mmap) failed to map 266338304 bytes for Failed to commit area from 0x00000000e0000000 to 0x00000000efe00000 of length 266338304.
# Possible reasons:
#   The system is out of physical RAM or swap space
#   The process is running with CompressedOops enabled, and the Java Heap may be blocking the growth of the native heap
# Possible solutions:
#   Reduce memory load on the system
#   Increase physical memory or swap space
#   Check if swap backing store is full
#   Decrease Java heap size (-Xmx/-Xms)
#   Decrease number of Java threads
#   Decrease Java thread stack sizes (-Xss)
#   Set larger code cache with -XX:ReservedCodeCacheSize=
# This output file may be truncated or incomplete.
#
#  Out of Memory Error (./src/hotspot/os/windows/os_windows.cpp:3386), pid=29108, tid=26212
#
# JRE version:  (11.0.17+8) (build )
# Java VM: OpenJDK 64-Bit Server VM (11.0.17+8-LTS, mixed mode, sharing, tiered, compressed oops, g1 gc, windows-amd64)
# No core dump will be written. Minidumps are not enabled by default on client versions of Windows
#

---------------  S U M M A R Y ------------

Command Line: -Ddb.password=pass -Ddb.url=jdbc:mysql://localhost:3306/app -Ddb.user=app -Dorg.gradle.internal.worker.tmpdir=D:\education\AQA-qamid-diplom\AQA-qamid-diplom\build\tmp\test\work -Dorg.gradle.native=false -Dselenide.headless -Dsut.url=http://localhost:8080/ --add-opens=java.base/java.util=ALL-UNNAMED --add-opens=java.base/java.lang=ALL-UNNAMED -Xmx512m -Dfile.encoding=windows-1251 -Duser.country=RU -Duser.language=ru -Duser.variant -ea worker.org.gradle.process.internal.worker.GradleWorkerMain 'Gradle Test Executor 66'

Host: Intel(R) Core(TM) i7-10870H CPU @ 2.20GHz, 16 cores, 15G,  Windows 11 , 64 bit Build 22621 (10.0.22621.1928)
Time: Fri Aug  4 20:33:51 2023 RTZ 2 (s 11 , 64 bit Build 22621 (10.0.22621.1928) elapsed time: 0.009242 seconds (0d 0h 0m 0s)

---------------  T H R E A D  ---------------

Current thread (0x000001eb0a5b6800):  JavaThread "Unknown thread" [_thread_in_vm, id=26212, stack(0x000000c678c00000,0x000000c678d00000)]

Stack: [0x000000c678c00000,0x000000c678d00000]
Native frames: (J=compiled Java code, j=interpreted, Vv=VM code, C=native code)
V  [jvm.dll+0x61f66a]
V  [jvm.dll+0x7ac889]
V  [jvm.dll+0x7adf78]
V  [jvm.dll+0x7ae653]
V  [jvm.dll+0x24fbe8]
V  [jvm.dll+0x61c97a]
V  [jvm.dll+0x611105]
V  [jvm.dll+0x307b2c]
V  [jvm.dll+0x3079b2]
V  [jvm.dll+0x30c6c6]
V  [jvm.dll+0x352d5f]
V  [jvm.dll+0x352790]
V  [jvm.dll+0x2e4b38]
V  [jvm.dll+0x2e5c96]
V  [jvm.dll+0x7866c7]
V  [jvm.dll+0x787e4f]
V  [jvm.dll+0x35fac9]
V  [jvm.dll+0x769630]
V  [jvm.dll+0x3cd5ef]
V  [jvm.dll+0x3cf981]
C  [jli.dll+0x5207]
C  [ucrtbase.dll+0x29363]
C  [KERNEL32.DLL+0x126ad]
C  [ntdll.dll+0x5aa68]


---------------  P R O C E S S  ---------------

Threads class SMR info:
_java_thread_list=0x000001eb08398e30, length=0, elements={
}

Java Threads: ( => current thread )

Other Threads:
  0x000001eb0a5d2000 GCTaskThread "GC Thread#0" [stack: 0x000000c678d00000,0x000000c678e00000] [id=31144]
  0x000001eb0a5e4800 ConcurrentGCThread "G1 Main Marker" [stack: 0x000000c678e00000,0x000000c678f00000] [id=25024]
  0x000001eb0a5e7000 ConcurrentGCThread "G1 Conc#0" [stack: 0x000000c678f00000,0x000000c679000000] [id=26296]

[error occurred during error reporting (printing all threads), id 0xc0000005, EXCEPTION_ACCESS_VIOLATION (0xc0000005) at pc=0x00007ffba2b24307]

VM state:not at safepoint (not fully initialized)

VM Mutex/Monitor currently owned by a thread:  ([mutex/lock_event])
[0x000001eb0a5b3b50] Heap_lock - owner thread: 0x000001eb0a5b6800

Heap address: 0x00000000e0000000, size: 512 MB, Compressed Oops mode: Non-zero based: 0x00000000e0000000
Narrow klass base: 0x0000000000000000, Narrow klass shift: 0

GC Heap History (0 events):
No events

Deoptimization events (0 events):
No events

Classes redefined (0 events):
No events

Internal exceptions (0 events):
No events

Events (1 events):
Event: 0.005 Loaded shared library C:\Users\G512\.jdks\corretto-11.0.17\bin\zip.dll


Dynamic libraries:
0x00007ff7c90c0000 - 0x00007ff7c90cd000 	C:\Users\G512\.jdks\corretto-11.0.17\bin\java.exe
0x00007ffc33890000 - 0x00007ffc33aa4000 	C:\WINDOWS\SYSTEM32\ntdll.dll
0x00007ffc31df0000 - 0x00007ffc31eb2000 	C:\WINDOWS\System32\KERNEL32.DLL
0x00007ffc31040000 - 0x00007ffc313e3000 	C:\WINDOWS\System32\KERNELBASE.dll
0x00007ffc30e00000 - 0x00007ffc30f11000 	C:\WINDOWS\System32\ucrtbase.dll
0x00007ffc09150000 - 0x00007ffc09167000 	C:\Users\G512\.jdks\corretto-11.0.17\bin\jli.dll
0x00007ffc0d590000 - 0x00007ffc0d5a9000 	C:\Users\G512\.jdks\corretto-11.0.17\bin\VCRUNTIME140.dll
0x00007ffc31ef0000 - 0x00007ffc3209a000 	C:\WINDOWS\System32\USER32.dll
0x00007ffc31520000 - 0x00007ffc31546000 	C:\WINDOWS\System32\win32u.dll
0x00007ffc16080000 - 0x00007ffc1630e000 	C:\WINDOWS\WinSxS\amd64_microsoft.windows.common-controls_6595b64144ccf1df_6.0.22621.1635_none_270f70857386168e\COMCTL32.dll
0x00007ffc319c0000 - 0x00007ffc319e9000 	C:\WINDOWS\System32\GDI32.dll
0x00007ffc32630000 - 0x00007ffc326d7000 	C:\WINDOWS\System32\msvcrt.dll
0x00007ffc30f20000 - 0x00007ffc31039000 	C:\WINDOWS\System32\gdi32full.dll
0x00007ffc31550000 - 0x00007ffc315ea000 	C:\WINDOWS\System32\msvcp_win.dll
0x00007ffc31670000 - 0x00007ffc316a1000 	C:\WINDOWS\System32\IMM32.DLL
0x00007ffbd1850000 - 0x00007ffbd18eb000 	C:\Users\G512\.jdks\corretto-11.0.17\bin\msvcp140.dll
0x00007ffba2830000 - 0x00007ffba33b5000 	C:\Users\G512\.jdks\corretto-11.0.17\bin\server\jvm.dll
0x00007ffc317b0000 - 0x00007ffc3185e000 	C:\WINDOWS\System32\ADVAPI32.dll
0x00007ffc31880000 - 0x00007ffc31924000 	C:\WINDOWS\System32\sechost.dll
0x00007ffc31b90000 - 0x00007ffc31ca7000 	C:\WINDOWS\System32\RPCRT4.dll
0x00007ffc32840000 - 0x00007ffc32848000 	C:\WINDOWS\System32\PSAPI.DLL
0x00007ffc25120000 - 0x00007ffc2512a000 	C:\WINDOWS\SYSTEM32\VERSION.dll
0x00007ffc16000000 - 0x00007ffc16009000 	C:\WINDOWS\SYSTEM32\WSOCK32.dll
0x00007ffc18800000 - 0x00007ffc18834000 	C:\WINDOWS\SYSTEM32\WINMM.dll
0x00007ffc33610000 - 0x00007ffc33681000 	C:\WINDOWS\System32\WS2_32.dll
0x00007ffc2fd80000 - 0x00007ffc2fd98000 	C:\WINDOWS\SYSTEM32\kernel.appcore.dll
0x00007ffc18c40000 - 0x00007ffc18c50000 	C:\Users\G512\.jdks\corretto-11.0.17\bin\verify.dll
0x00007ffc2e170000 - 0x00007ffc2e39e000 	C:\WINDOWS\SYSTEM32\DBGHELP.DLL
0x00007ffc33200000 - 0x00007ffc33589000 	C:\WINDOWS\System32\combase.dll
0x00007ffc31d10000 - 0x00007ffc31de7000 	C:\WINDOWS\System32\OLEAUT32.dll
0x00007ffc230d0000 - 0x00007ffc23102000 	C:\WINDOWS\SYSTEM32\dbgcore.DLL
0x00007ffc315f0000 - 0x00007ffc3166a000 	C:\WINDOWS\System32\bcryptPrimitives.dll
0x00007ffbf9c90000 - 0x00007ffbf9cb8000 	C:\Users\G512\.jdks\corretto-11.0.17\bin\java.dll
0x00007ffc18840000 - 0x00007ffc1884a000 	C:\Users\G512\.jdks\corretto-11.0.17\bin\jimage.dll
0x00007ffbfaee0000 - 0x00007ffbfaef8000 	C:\Users\G512\.jdks\corretto-11.0.17\bin\zip.dll

dbghelp: loaded successfully - version: 4.0.5 - missing functions: none
symbol engine: initialized successfully - sym options: 0x614 - pdb path: .;C:\Users\G512\.jdks\corretto-11.0.17\bin;C:\WINDOWS\SYSTEM32;C:\WINDOWS\WinSxS\amd64_microsoft.windows.common-controls_6595b64144ccf1df_6.0.22621.1635_none_270f70857386168e;C:\Users\G512\.jdks\corretto-11.0.17\bin\server

VM Arguments:
jvm_args: -Ddb.password=pass -Ddb.url=jdbc:mysql://localhost:3306/app -Ddb.user=app -Dorg.gradle.internal.worker.tmpdir=D:\education\AQA-qamid-diplom\AQA-qamid-diplom\build\tmp\test\work -Dorg.gradle.native=false -Dselenide.headless -Dsut.url=http://localhost:8080/ --add-opens=java.base/java.util=ALL-UNNAMED --add-opens=java.base/java.lang=ALL-UNNAMED -Xmx512m -Dfile.encoding=windows-1251 -Duser.country=RU -Duser.language=ru -Duser.variant -ea 
java_command: worker.org.gradle.process.internal.worker.GradleWorkerMain 'Gradle Test Executor 66'
java_class_path (initial): C:\\Users\\G512\\.gradle\\caches\\7.4\\workerMain\\gradle-worker.jar;D:\\education\\AQA-qamid-diplom\\AQA-qamid-diplom\\build\\classes\\java\\test;C:\\Users\\G512\\.gradle\\caches\\modules-2\\files-2.1\\org.junit.jupiter\\junit-jupiter-params\\5.9.2\\bc2765afb7b85b583c710dd259a11c6b8c39e912\\junit-jupiter-params-5.9.2.jar;C:\\Users\\G512\\.gradle\\caches\\modules-2\\files-2.1\\org.junit.jupiter\\junit-jupiter-engine\\5.9.2\\572f7a553b53f83ee59cc045ce1c3772864ab76c\\junit-jupiter-engine-5.9.2.jar;C:\\Users\\G512\\.gradle\\caches\\modules-2\\files-2.1\\org.junit.jupiter\\junit-jupiter-api\\5.9.2\\fed843581520eac594bc36bb4b0f55e7b947dda9\\junit-jupiter-api-5.9.2.jar;C:\\Users\\G512\\.gradle\\caches\\modules-2\\files-2.1\\org.junit.platform\\junit-platform-engine\\1.9.2\\40aeef2be7b04f96bb91e8b054affc28b7c7c935\\junit-platform-engine-1.9.2.jar;C:\\Users\\G512\\.gradle\\caches\\modules-2\\files-2.1\\org.junit.platform\\junit-platform-commons\\1.9.2\\6f9f8621d8230cd38aa42e58ccbc0c00569131ce\\junit-platform-commons-1.9.2.jar;C:\\Users\\G512\\.gradle\\caches\\modules-2\\files-2.1\\org.junit.jupiter\\junit-jupiter\\5.9.2\\26c586fbe0ebd81b48c9f11f0d998124248697ae\\junit-jupiter-5.9.2.jar;C:\\Users\\G512\\.gradle\\caches\\modules-2\\files-2.1\\org.testng\\testng\\7.7.0\\5298a6662b94d9ee438b95a2d44ea3ac6ce2cb8e\\testng-7.7.0.jar;C:\\Users\\G512\\.gradle\\caches\\modules-2\\files-2.1\\org.projectlombok\\lombok\\1.18.26\\8f8cf0372abf564913e9796623aac4c8ea44025a\\lombok-1.18.26.jar;C:\\Users\\G512\\.gradle\\caches\\modules-2\\files-2.1\\com.codeborne\\selenide\\6.12.3\\9f68e76f0c05f176411a41296694ee7611ba8a2f\\selenide-6.12.3.jar;C:\\Users\\G512\\.gradle\\caches\\modules-2\\files-2.1\\com.github.javafaker\\javafaker\\1.0.2\\be0ff271b1208416822db4438864df47f90af92f\\javafaker-1.0.2.jar;C:\\Users\\G512\\.gradle\\caches\\modules-2\\files-2.1\\io.rest-assured\\rest-assured\\5.3.0\\8d59681728713ee2f029d1d30781ec4f181b1687\\rest-assured-5.3.0.jar;C:\\Users\\
Launcher Type: SUN_STANDARD

[Global flags]
     intx CICompilerCount                          = 12                                        {product} {ergonomic}
     uint ConcGCThreads                            = 3                                         {product} {ergonomic}
     uint G1ConcRefinementThreads                  = 13                                        {product} {ergonomic}
   size_t G1HeapRegionSize                         = 1048576                                   {product} {ergonomic}
    uintx GCDrainStackTargetSize                   = 64                                        {product} {ergonomic}
   size_t InitialHeapSize                          = 266338304                                 {product} {ergonomic}
   size_t MarkStackSize                            = 4194304                                   {product} {ergonomic}
   size_t MaxHeapSize                              = 536870912                                 {product} {command line}
   size_t MinHeapDeltaBytes                        = 1048576                                   {product} {ergonomic}
    uintx NonNMethodCodeHeapSize                   = 7594288                                {pd product} {ergonomic}
    uintx NonProfiledCodeHeapSize                  = 122031976                              {pd product} {ergonomic}
    uintx ProfiledCodeHeapSize                     = 122031976                              {pd product} {ergonomic}
    uintx ReservedCodeCacheSize                    = 251658240                              {pd product} {ergonomic}
     bool SegmentedCodeCache                       = true                                      {product} {ergonomic}
     bool UseCompressedClassPointers               = true                                 {lp64_product} {ergonomic}
     bool UseCompressedOops                        = true                                 {lp64_product} {ergonomic}
     bool UseG1GC                                  = true                                      {product} {ergonomic}
     bool UseLargePagesIndividualAllocation        = false                                  {pd product} {ergonomic}

Logging:
Log output configuration:
 #0: stdout all=warning uptime,level,tags
 #1: stderr all=off uptime,level,tags

Environment Variables:
PATH=C:\java\bin;C:\WINDOWS\system32;C:\WINDOWS;C:\WINDOWS\System32\Wbem;C:\WINDOWS\System32\WindowsPowerShell\v1.0\;C:\WINDOWS\System32\OpenSSH\;C:\Program Files (x86)\NVIDIA Corporation\PhysX\Common;C:\WINDOWS\system32;C:\WINDOWS;C:\WINDOWS\System32\Wbem;C:\WINDOWS\System32\WindowsPowerShell\v1.0\;C:\WINDOWS\System32\OpenSSH\;C:\Program Files\dotnet\;C:\Program Files\Git\cmd;C:\Program Files\NVIDIA Corporation\NVIDIA NvDLISR;C:\Program Files\PowerShell\7\;C:\Program Files\Docker\Docker\resources\bin;C:\Users\G512\AppData\Local\Microsoft\WindowsApps;;C:\Users\G512\AppData\Local\Programs\Microsoft VS Code\bin;C:\Program Files\JetBrains\IntelliJ IDEA Community Edition 2022.2.3\bin;
USERNAME=G512
OS=Windows_NT
PROCESSOR_IDENTIFIER=Intel64 Family 6 Model 165 Stepping 2, GenuineIntel
TMP=C:\Users\G512\AppData\Local\Temp
TEMP=C:\Users\G512\AppData\Local\Temp



---------------  S Y S T E M  ---------------

OS: Windows 11 , 64 bit Build 22621 (10.0.22621.1928)
OS uptime: 6 days 22:50 hours
Hyper-V role detected

CPU:total 16 (initial active 16) (8 cores per cpu, 2 threads per core) family 6 model 165 stepping 2 microcode 0xe0, cmov, cx8, fxsr, mmx, sse, sse2, sse3, ssse3, sse4.1, sse4.2, popcnt, avx, avx2, aes, clmul, erms, 3dnowpref, lzcnt, ht, tsc, tscinvbit, bmi1, bmi2, adx, fma

Memory: 4k page, system-wide physical 16168M (374M free)
TotalPageFile size 46552M (AvailPageFile size 241M)
current process WorkingSet (physical memory assigned to process): 10M, peak: 10M
current process commit charge ("private bytes"): 70M, peak: 323M

vm_info: OpenJDK 64-Bit Server VM (11.0.17+8-LTS) for windows-amd64 JRE (11.0.17+8-LTS), built on Oct 14 2022 18:02:01 by "Administrator" with MS VC++ 15.9 (VS2017)

END.
